 
12-01-2021 22:48:54 

 
12-01-2021 22:50:49 
IMAG8150.JPG
 
12-01-2021 22:50:49 
0
 
12-01-2021 22:50:49 

 
12-01-2021 22:50:49 

 
12-01-2021 22:54:43 
Name-IMAG8150.JPG
 
12-01-2021 22:54:43 
Size-0
 
12-01-2021 22:54:43 
Temp-
 
12-01-2021 22:54:43 
Type-
 
12-01-2021 22:59:27 
Upload-upload was FAILED
 
12-01-2021 22:59:27 
Name-IMAG8150.JPG
 
12-01-2021 22:59:27 
Size-0
 
12-01-2021 22:59:27 
Temp-
 
12-01-2021 22:59:27 
Type-
 
12-01-2021 23:05:21 
Upload-upload was FAILED
 
12-01-2021 23:05:21 
Name-IMAG8150.JPG
 
12-01-2021 23:05:21 
Size-0
 
12-01-2021 23:05:21 
Temp-
 
12-01-2021 23:05:21 
Type-
 
13-01-2021 09:00:22 
Upload-upload was FAILED
 
13-01-2021 09:00:22 
Name-IMAG8150.JPG
 
13-01-2021 09:00:22 
Size-0
 
13-01-2021 09:00:22 
Temp-
 
13-01-2021 09:00:22 
Type-
 
13-01-2021 09:21:28 
Upload-upload was FAILED
 
13-01-2021 09:21:28 
Name-BSNL_07312452213_payment_25_08_20.pdf
 
13-01-2021 09:21:28 
Size-1674
 
13-01-2021 09:21:29 
Temp-C:\wamp\tmp\phpC6BD.tmp
 
13-01-2021 09:21:29 
Type-application/pdf
 
13-01-2021 09:27:08 
Upload-upload was FAILED
 
13-01-2021 09:27:08 
Name-IMAG8150 (745x1024).jpg
 
13-01-2021 09:27:08 
Size-350999
 
13-01-2021 09:27:08 
Temp-C:\wamp\tmp\phpF672.tmp
 
13-01-2021 09:27:09 
Type-image/jpeg
 
13-01-2021 09:51:54 
Upload-upload was FAILED
 
13-01-2021 09:51:54 
Name-IMAG8149.JPG
 
13-01-2021 09:51:54 
Size-4674256
 
13-01-2021 09:51:54 
Temp-C:\wamp\tmp\php9FFF.tmp
 
13-01-2021 09:51:54 
Type-image/jpeg
 
13-01-2021 13:02:33 
Upload-upload was FAILED
 
13-01-2021 13:02:33 
Name-IMAG8138 (749x1024).jpg
 
13-01-2021 13:02:33 
Size-422391
 
13-01-2021 13:02:33 
Temp-C:\wamp\tmp\php2F23.tmp
 
13-01-2021 13:02:33 
Type-image/jpeg
 
13-01-2021 13:03:40 
Upload-upload was FAILED
 
13-01-2021 13:03:40 
Name-IMAG8139 (631x1024).jpg
 
13-01-2021 13:03:40 
Size-343138
 
13-01-2021 13:03:40 
Temp-C:\wamp\tmp\php33A5.tmp
 
13-01-2021 13:03:40 
Type-image/jpeg
 
13-01-2021 13:04:10 
Upload-upload was FAILED
 
13-01-2021 13:04:10 
Name-IMAG8140 (741x1024).jpg
 
13-01-2021 13:04:10 
Size-392184
 
13-01-2021 13:04:10 
Temp-C:\wamp\tmp\phpA85A.tmp
 
13-01-2021 13:04:10 
Type-image/jpeg
 
13-01-2021 13:05:01 
Upload-upload was FAILED
 
13-01-2021 13:05:01 
Name-IMAG8141 (736x1024).jpg
 
13-01-2021 13:05:01 
Size-359079
 
13-01-2021 13:05:01 
Temp-C:\wamp\tmp\php6EC9.tmp
 
13-01-2021 13:05:01 
Type-image/jpeg
 
13-01-2021 13:05:28 
Upload-upload was FAILED
 
13-01-2021 13:05:28 
Name-IMAG8142 (755x1024).jpg
 
13-01-2021 13:05:28 
Size-388985
 
13-01-2021 13:05:28 
Temp-C:\wamp\tmp\phpD7F5.tmp
 
13-01-2021 13:05:28 
Type-image/jpeg
 
13-01-2021 13:05:56 
Upload-upload was FAILED
 
13-01-2021 13:05:56 
Name-IMAG8143 (739x1024).jpg
 
13-01-2021 13:05:56 
Size-360909
 
13-01-2021 13:05:56 
Temp-C:\wamp\tmp\php4508.tmp
 
13-01-2021 13:05:56 
Type-image/jpeg
 
13-01-2021 13:07:11 
Upload-upload was FAILED
 
13-01-2021 13:07:11 
Name-IMAG8145 (743x1024).jpg
 
13-01-2021 13:07:11 
Size-309982
 
13-01-2021 13:07:11 
Temp-C:\wamp\tmp\php6B3B.tmp
 
13-01-2021 13:07:11 
Type-image/jpeg
 
13-01-2021 13:07:42 
Upload-upload was FAILED
 
13-01-2021 13:07:42 
Name-IMAG8146 (750x1024).jpg
 
13-01-2021 13:07:42 
Size-331920
 
13-01-2021 13:07:42 
Temp-C:\wamp\tmp\phpE5CC.tmp
 
13-01-2021 13:07:42 
Type-image/jpeg
 
13-01-2021 13:08:14 
Upload-upload was FAILED
 
13-01-2021 13:08:14 
Name-IMAG8147 (742x1024).jpg
 
13-01-2021 13:08:14 
Size-374897
 
13-01-2021 13:08:14 
Temp-C:\wamp\tmp\php6118.tmp
 
13-01-2021 13:08:14 
Type-image/jpeg
 
13-01-2021 13:08:41 
Upload-upload was FAILED
 
13-01-2021 13:08:41 
Name-IMAG8148 (727x1024).jpg
 
13-01-2021 13:08:42 
Size-370926
 
13-01-2021 13:08:42 
Temp-C:\wamp\tmp\phpCD42.tmp
 
13-01-2021 13:08:42 
Type-image/jpeg
 
13-01-2021 13:10:19 
Upload-upload was FAILED
 
13-01-2021 13:10:19 
Name-IMAG8151 (736x1024).jpg
 
13-01-2021 13:10:19 
Size-357608
 
13-01-2021 13:10:19 
Temp-C:\wamp\tmp\php4916.tmp
 
13-01-2021 13:10:19 
Type-image/jpeg
 
13-01-2021 13:10:48 
Upload-upload was FAILED
 
13-01-2021 13:10:48 
Name-IMAG8152 (735x1024).jpg
 
13-01-2021 13:10:48 
Size-369925
 
13-01-2021 13:10:48 
Temp-C:\wamp\tmp\phpBCF1.tmp
 
13-01-2021 13:10:48 
Type-image/jpeg
 
13-01-2021 13:11:14 
Upload-upload was FAILED
 
13-01-2021 13:11:14 
Name-IMAG8153 (752x1024).jpg
 
13-01-2021 13:11:15 
Size-367200
 
13-01-2021 13:11:15 
Temp-C:\wamp\tmp\php22D1.tmp
 
13-01-2021 13:11:15 
Type-image/jpeg
 
13-01-2021 13:11:54 
Upload-upload was FAILED
 
13-01-2021 13:11:54 
Name-IMAG8154 (744x1024).jpg
 
13-01-2021 13:11:54 
Size-403293
 
13-01-2021 13:11:54 
Temp-C:\wamp\tmp\phpBDDA.tmp
 
13-01-2021 13:11:54 
Type-image/jpeg
 
13-01-2021 13:12:26 
Upload-upload was FAILED
 
13-01-2021 13:12:27 
Name-IMAG8155 (683x1024).jpg
 
13-01-2021 13:12:27 
Size-287467
 
13-01-2021 13:12:27 
Temp-C:\wamp\tmp\php3C34.tmp
 
13-01-2021 13:12:27 
Type-image/jpeg
 
13-01-2021 13:13:00 
Upload-upload was FAILED
 
13-01-2021 13:13:00 
Name-IMAG8156 (745x1024).jpg
 
13-01-2021 13:13:00 
Size-341045
 
13-01-2021 13:13:00 
Temp-C:\wamp\tmp\phpBF7F.tmp
 
13-01-2021 13:13:00 
Type-image/jpeg
 
13-01-2021 13:20:03 
Upload-upload was FAILED
 
13-01-2021 13:20:03 
Name-IMAG0030 (744x1024).jpg
 
13-01-2021 13:20:03 
Size-330890
 
13-01-2021 13:20:03 
Temp-C:\wamp\tmp\php3282.tmp
 
13-01-2021 13:20:03 
Type-image/jpeg
 
13-01-2021 13:25:42 
Upload-upload was FAILED
 
13-01-2021 13:25:42 
Name-IMAG8091.JPG
 
13-01-2021 13:25:42 
Size-5315560
 
13-01-2021 13:25:42 
Temp-C:\wamp\tmp\php5E3F.tmp
 
13-01-2021 13:25:42 
Type-image/jpeg
 
13-01-2021 13:26:34 
Upload-upload was FAILED
 
13-01-2021 13:26:34 
Name-IMAG8092.JPG
 
13-01-2021 13:26:34 
Size-5402540
 
13-01-2021 13:26:34 
Temp-C:\wamp\tmp\php28A5.tmp
 
13-01-2021 13:26:34 
Type-image/jpeg
 
13-01-2021 13:27:09 
Upload-upload was FAILED
 
13-01-2021 13:27:09 
Name-IMAG8093.JPG
 
13-01-2021 13:27:09 
Size-4740080
 
13-01-2021 13:27:09 
Temp-C:\wamp\tmp\phpB343.tmp
 
13-01-2021 13:27:09 
Type-image/jpeg
 
13-01-2021 13:27:33 
Upload-upload was FAILED
 
13-01-2021 13:27:33 
Name-IMAG8094.JPG
 
13-01-2021 13:27:33 
Size-4724360
 
13-01-2021 13:27:33 
Temp-C:\wamp\tmp\php11E0.tmp
 
13-01-2021 13:27:33 
Type-image/jpeg
 
13-01-2021 13:30:48 
Upload-upload was FAILED
 
13-01-2021 13:30:48 
Name-IMAG8095.JPG
 
13-01-2021 13:30:48 
Size-7466548
 
13-01-2021 13:30:49 
Temp-C:\wamp\tmp\phpB1D.tmp
 
13-01-2021 13:30:49 
Type-image/jpeg
 
13-01-2021 13:31:22 
Upload-upload was FAILED
 
13-01-2021 13:31:22 
Name-IMAG8096.JPG
 
13-01-2021 13:31:22 
Size-4865596
 
13-01-2021 13:31:22 
Temp-C:\wamp\tmp\php8FD0.tmp
 
13-01-2021 13:31:22 
Type-image/jpeg
 
13-01-2021 13:31:54 
Upload-upload was FAILED
 
13-01-2021 13:31:54 
Name-IMAG8097.JPG
 
13-01-2021 13:31:54 
Size-4770804
 
13-01-2021 13:31:54 
Temp-C:\wamp\tmp\phpAFD.tmp
 
13-01-2021 13:31:54 
Type-image/jpeg
 
13-01-2021 13:32:35 
Upload-upload was FAILED
 
13-01-2021 13:32:35 
Name-IMAG8098.JPG
 
13-01-2021 13:32:35 
Size-4480548
 
13-01-2021 13:32:35 
Temp-C:\wamp\tmp\phpAD4A.tmp
 
13-01-2021 13:32:36 
Type-image/jpeg
 
13-01-2021 13:33:31 
Upload-upload was FAILED
 
13-01-2021 13:33:31 
Name-IMAG8099.JPG
 
13-01-2021 13:33:31 
Size-4483384
 
13-01-2021 13:33:31 
Temp-C:\wamp\tmp\php8879.tmp
 
13-01-2021 13:33:31 
Type-image/jpeg
 
13-01-2021 13:34:16 
Upload-upload was FAILED
 
13-01-2021 13:34:16 
Name-IMAG8100.JPG
 
13-01-2021 13:34:16 
Size-4495864
 
13-01-2021 13:34:16 
Temp-C:\wamp\tmp\php3863.tmp
 
13-01-2021 13:34:17 
Type-image/jpeg
 
13-01-2021 13:39:50 
Upload-upload was FAILED
 
13-01-2021 13:39:50 
Name-IMAG8101.JPG
 
13-01-2021 13:39:50 
Size-4538496
 
13-01-2021 13:39:50 
Temp-C:\wamp\tmp\php4C81.tmp
 
13-01-2021 13:39:50 
Type-image/jpeg
 
13-01-2021 13:40:27 
Upload-upload was FAILED
 
13-01-2021 13:40:27 
Name-IMAG8102.JPG
 
13-01-2021 13:40:27 
Size-4588344
 
13-01-2021 13:40:27 
Temp-C:\wamp\tmp\phpE18F.tmp
 
13-01-2021 13:40:28 
Type-image/jpeg
 
13-01-2021 13:54:31 
Upload-upload was FAILED
 
13-01-2021 13:54:31 
Name-IMAG8103.JPG
 
13-01-2021 13:54:31 
Size-4566804
 
13-01-2021 13:54:31 
Temp-C:\wamp\tmp\phpC1A6.tmp
 
13-01-2021 13:54:32 
Type-image/jpeg
 
13-01-2021 13:55:06 
Upload-upload was FAILED
 
13-01-2021 13:55:06 
Name-IMAG8104.JPG
 
13-01-2021 13:55:06 
Size-4677804
 
13-01-2021 13:55:06 
Temp-C:\wamp\tmp\php47D0.tmp
 
13-01-2021 13:55:06 
Type-image/jpeg
 
13-01-2021 13:55:45 
Upload-upload was FAILED
 
13-01-2021 13:55:45 
Name-IMAG8105.JPG
 
13-01-2021 13:55:45 
Size-4641876
 
13-01-2021 13:55:45 
Temp-C:\wamp\tmp\phpE1FE.tmp
 
13-01-2021 13:55:45 
Type-image/jpeg
 
13-01-2021 13:56:29 
Upload-upload was FAILED
 
13-01-2021 13:56:29 
Name-IMAG8106.JPG
 
13-01-2021 13:56:30 
Size-4725868
 
13-01-2021 13:56:30 
Temp-C:\wamp\tmp\php8FA6.tmp
 
13-01-2021 13:56:30 
Type-image/jpeg
 
13-01-2021 13:57:08 
Upload-upload was FAILED
 
13-01-2021 13:57:08 
Name-IMAG8107.JPG
 
13-01-2021 13:57:08 
Size-4727428
 
13-01-2021 13:57:09 
Temp-C:\wamp\tmp\php23AA.tmp
 
13-01-2021 13:57:09 
Type-image/jpeg
 
13-01-2021 14:02:56 
Upload-upload was FAILED
 
13-01-2021 14:02:56 
Name-IMAG8108.JPG
 
13-01-2021 14:02:56 
Size-8366588
 
13-01-2021 14:02:56 
Temp-C:\wamp\tmp\php753F.tmp
 
13-01-2021 14:02:56 
Type-image/jpeg
 
13-01-2021 14:03:37 
Upload-upload was FAILED
 
13-01-2021 14:03:37 
Name-IMAG8109.JPG
 
13-01-2021 14:03:37 
Size-4347460
 
13-01-2021 14:03:38 
Temp-C:\wamp\tmp\php178C.tmp
 
13-01-2021 14:03:38 
Type-image/jpeg
 
13-01-2021 14:04:12 
Upload-upload was FAILED
 
13-01-2021 14:04:12 
Name-IMAG8110.JPG
 
13-01-2021 14:04:12 
Size-4348440
 
13-01-2021 14:04:12 
Temp-C:\wamp\tmp\php9EAF.tmp
 
13-01-2021 14:04:12 
Type-image/jpeg
 
13-01-2021 14:09:22 
Upload-upload was FAILED
 
13-01-2021 14:09:22 
Name-IMAG8112 (743x1024).jpg
 
13-01-2021 14:09:22 
Size-358606
 
13-01-2021 14:09:22 
Temp-C:\wamp\tmp\php5A7C.tmp
 
13-01-2021 14:09:22 
Type-image/jpeg
 
13-01-2021 14:10:22 
Upload-upload was FAILED
 
13-01-2021 14:10:22 
Name-IMAG8113 (751x1024).jpg
 
13-01-2021 14:10:22 
Size-365873
 
13-01-2021 14:10:22 
Temp-C:\wamp\tmp\php44BF.tmp
 
13-01-2021 14:10:22 
Type-image/jpeg
 
13-01-2021 14:11:19 
Upload-upload was FAILED
 
13-01-2021 14:11:19 
Name-IMAG8114 (737x1024).jpg
 
13-01-2021 14:11:19 
Size-367008
 
13-01-2021 14:11:19 
Temp-C:\wamp\tmp\php2359.tmp
 
13-01-2021 14:11:19 
Type-image/jpeg
 
13-01-2021 14:17:53 
Upload-upload was FAILED
 
13-01-2021 14:17:53 
Name-IMAG8115 (680x1024).jpg
 
13-01-2021 14:17:53 
Size-344050
 
13-01-2021 14:17:53 
Temp-C:\wamp\tmp\php24A6.tmp
 
13-01-2021 14:17:53 
Type-image/jpeg
 
13-01-2021 14:27:50 
Upload-upload was FAILED
 
13-01-2021 14:27:50 
Name-IMAG8117 (740x1024).jpg
 
13-01-2021 14:27:50 
Size-368982
 
13-01-2021 14:27:50 
Temp-C:\wamp\tmp\php439E.tmp
 
13-01-2021 14:27:50 
Type-image/jpeg
 
13-01-2021 14:28:39 
Upload-upload was FAILED
 
13-01-2021 14:28:40 
Name-IMAG8118 (734x1024).jpg
 
13-01-2021 14:28:40 
Size-355478
 
13-01-2021 14:28:40 
Temp-C:\wamp\tmp\php3A4.tmp
 
13-01-2021 14:28:40 
Type-image/jpeg
 
13-01-2021 14:29:32 
Upload-upload was FAILED
 
13-01-2021 14:29:32 
Name-IMAG8119 (752x1024).jpg
 
13-01-2021 14:29:32 
Size-342411
 
13-01-2021 14:29:32 
Temp-C:\wamp\tmp\phpD195.tmp
 
13-01-2021 14:29:32 
Type-image/jpeg
 
13-01-2021 14:30:28 
Upload-upload was FAILED
 
13-01-2021 14:30:28 
Name-IMAG8120 (740x1024).jpg
 
13-01-2021 14:30:28 
Size-483125
 
13-01-2021 14:30:28 
Temp-C:\wamp\tmp\phpA9E6.tmp
 
13-01-2021 14:30:28 
Type-image/jpeg
 
13-01-2021 14:31:06 
Upload-upload was FAILED
 
13-01-2021 14:31:06 
Name-IMAG8121 (748x1024).jpg
 
13-01-2021 14:31:06 
Size-422593
 
13-01-2021 14:31:06 
Temp-C:\wamp\tmp\php3ED5.tmp
 
13-01-2021 14:31:06 
Type-image/jpeg
 
13-01-2021 14:31:47 
Upload-upload was FAILED
 
13-01-2021 14:31:47 
Name-IMAG8122 (746x1024).jpg
 
13-01-2021 14:31:47 
Size-417032
 
13-01-2021 14:31:47 
Temp-C:\wamp\tmp\phpDE82.tmp
 
13-01-2021 14:31:47 
Type-image/jpeg
 
13-01-2021 14:32:20 
Upload-upload was FAILED
 
13-01-2021 14:32:20 
Name-IMAG8123 (740x1024).jpg
 
13-01-2021 14:32:20 
Size-429623
 
13-01-2021 14:32:20 
Temp-C:\wamp\tmp\php620C.tmp
 
13-01-2021 14:32:20 
Type-image/jpeg
 
13-01-2021 14:32:48 
Upload-upload was FAILED
 
13-01-2021 14:32:48 
Name-IMAG8124 (745x1024).jpg
 
13-01-2021 14:32:48 
Size-419062
 
13-01-2021 14:32:48 
Temp-C:\wamp\tmp\phpCCAF.tmp
 
13-01-2021 14:32:48 
Type-image/jpeg
 
13-01-2021 14:33:24 
Upload-upload was FAILED
 
13-01-2021 14:33:24 
Name-IMAG8125 (742x1024).jpg
 
13-01-2021 14:33:24 
Size-387084
 
13-01-2021 14:33:24 
Temp-C:\wamp\tmp\php5941.tmp
 
13-01-2021 14:33:24 
Type-image/jpeg
 
13-01-2021 14:34:16 
Upload-upload was FAILED
 
13-01-2021 14:34:16 
Name-IMAG8126 (738x1024).jpg
 
13-01-2021 14:34:16 
Size-396397
 
13-01-2021 14:34:16 
Temp-C:\wamp\tmp\php2676.tmp
 
13-01-2021 14:34:16 
Type-image/jpeg
 
13-01-2021 14:34:57 
Upload-upload was FAILED
 
13-01-2021 14:34:57 
Name-IMAG8127 (738x1024).jpg
 
13-01-2021 14:34:57 
Size-367844
 
13-01-2021 14:34:57 
Temp-C:\wamp\tmp\phpC5A6.tmp
 
13-01-2021 14:34:57 
Type-image/jpeg
 
13-01-2021 14:48:01 
Upload-upload was FAILED
 
13-01-2021 14:48:02 
Name-IMAG8128 (745x1024).jpg
 
13-01-2021 14:48:02 
Size-381034
 
13-01-2021 14:48:02 
Temp-C:\wamp\tmp\phpBEA9.tmp
 
13-01-2021 14:48:02 
Type-image/jpeg
 
13-01-2021 14:48:51 
Upload-upload was FAILED
 
13-01-2021 14:48:51 
Name-IMAG8129 (750x1024).jpg
 
13-01-2021 14:48:51 
Size-399082
 
13-01-2021 14:48:51 
Temp-C:\wamp\tmp\php817E.tmp
 
13-01-2021 14:48:51 
Type-image/jpeg
 
13-01-2021 15:03:41 
Upload-upload was FAILED
 
13-01-2021 15:03:41 
Name-IMAG8130 (742x1024).jpg
 
13-01-2021 15:03:41 
Size-419085
 
13-01-2021 15:03:41 
Temp-C:\wamp\tmp\php14E7.tmp
 
13-01-2021 15:03:41 
Type-image/jpeg
 
13-01-2021 15:04:14 
Upload-upload was FAILED
 
13-01-2021 15:04:14 
Name-IMAG8131 (722x1024).jpg
 
13-01-2021 15:04:14 
Size-404171
 
13-01-2021 15:04:14 
Temp-C:\wamp\tmp\php9748.tmp
 
13-01-2021 15:04:14 
Type-image/jpeg
 
13-01-2021 15:05:22 
Upload-upload was FAILED
 
13-01-2021 15:05:22 
Name-IMAG8132 (735x1024).jpg
 
13-01-2021 15:05:22 
Size-373009
 
13-01-2021 15:05:22 
Temp-C:\wamp\tmp\phpA01F.tmp
 
13-01-2021 15:05:22 
Type-image/jpeg
 
13-01-2021 15:06:13 
Upload-upload was FAILED
 
13-01-2021 15:06:13 
Name-IMAG8133 (742x1024).jpg
 
13-01-2021 15:06:13 
Size-408464
 
13-01-2021 15:06:13 
Temp-C:\wamp\tmp\php6507.tmp
 
13-01-2021 15:06:13 
Type-image/jpeg
 
13-01-2021 15:09:36 
Upload-upload was FAILED
 
13-01-2021 15:09:36 
Name-IMAG8134 (738x1024).jpg
 
13-01-2021 15:09:36 
Size-439866
 
13-01-2021 15:09:36 
Temp-C:\wamp\tmp\php80EF.tmp
 
13-01-2021 15:09:36 
Type-image/jpeg
 
13-01-2021 15:10:12 
Upload-upload was FAILED
 
13-01-2021 15:10:12 
Name-IMAG8135 (742x1024).jpg
 
13-01-2021 15:10:12 
Size-438480
 
13-01-2021 15:10:12 
Temp-C:\wamp\tmp\phpBCC.tmp
 
13-01-2021 15:10:12 
Type-image/jpeg
 
13-01-2021 15:10:41 
Upload-upload was FAILED
 
13-01-2021 15:10:41 
Name-IMAG8136 (713x1024).jpg
 
13-01-2021 15:10:41 
Size-405306
 
13-01-2021 15:10:41 
Temp-C:\wamp\tmp\php7DD2.tmp
 
13-01-2021 15:10:41 
Type-image/jpeg
 
13-01-2021 15:11:56 
Upload-upload was FAILED
 
13-01-2021 15:11:56 
Name-IMAG8137 (735x1024).jpg
 
13-01-2021 15:11:56 
Size-405429
 
13-01-2021 15:11:56 
Temp-C:\wamp\tmp\phpA135.tmp
 
13-01-2021 15:11:56 
Type-image/jpeg
 
14-01-2021 11:50:40 
Upload-upload was FAILED
 
14-01-2021 11:50:40 
Name-IMAG0032 (739x1024).jpg
 
14-01-2021 11:50:40 
Size-298261
 
14-01-2021 11:50:40 
Temp-C:\wamp\tmp\phpB8DA.tmp
 
14-01-2021 11:50:40 
Type-image/jpeg
 
14-01-2021 11:51:19 
Upload-upload was FAILED
 
14-01-2021 11:51:19 
Name-IMAG0033 (742x1024).jpg
 
14-01-2021 11:51:19 
Size-365746
 
14-01-2021 11:51:19 
Temp-C:\wamp\tmp\php525D.tmp
 
14-01-2021 11:51:19 
Type-image/jpeg
 
14-01-2021 12:04:38 
Upload-upload was FAILED
 
14-01-2021 12:04:38 
Name-IMAG8026 (748x1024).jpg
 
14-01-2021 12:04:38 
Size-409974
 
14-01-2021 12:04:38 
Temp-C:\wamp\tmp\php830A.tmp
 
14-01-2021 12:04:38 
Type-image/jpeg
 
14-01-2021 12:05:10 
Upload-upload was FAILED
 
14-01-2021 12:05:10 
Name-IMAG8027 (739x1024).jpg
 
14-01-2021 12:05:10 
Size-370710
 
14-01-2021 12:05:10 
Temp-C:\wamp\tmp\php144.tmp
 
14-01-2021 12:05:10 
Type-image/jpeg
 
14-01-2021 12:05:38 
Upload-upload was FAILED
 
14-01-2021 12:05:38 
Name-IMAG8028 (736x1024).jpg
 
14-01-2021 12:05:38 
Size-510407
 
14-01-2021 12:05:38 
Temp-C:\wamp\tmp\php6E58.tmp
 
14-01-2021 12:05:38 
Type-image/jpeg
 
14-01-2021 12:07:58 
Upload-upload was FAILED
 
14-01-2021 12:07:58 
Name-IMAG8029 (733x1024).jpg
 
14-01-2021 12:07:58 
Size-590594
 
14-01-2021 12:07:58 
Temp-C:\wamp\tmp\php9217.tmp
 
14-01-2021 12:07:58 
Type-image/jpeg
 
14-01-2021 12:08:27 
Upload-upload was FAILED
 
14-01-2021 12:08:27 
Name-IMAG8030 (742x1024).jpg
 
14-01-2021 12:08:27 
Size-584048
 
14-01-2021 12:08:27 
Temp-C:\wamp\tmp\php14E.tmp
 
14-01-2021 12:08:27 
Type-image/jpeg
 
14-01-2021 12:08:54 
Upload-upload was FAILED
 
14-01-2021 12:08:54 
Name-IMAG8031 (738x1024).jpg
 
14-01-2021 12:08:54 
Size-367112
 
14-01-2021 12:08:54 
Temp-C:\wamp\tmp\php6B35.tmp
 
14-01-2021 12:08:54 
Type-image/jpeg
 
14-01-2021 12:09:20 
Upload-upload was FAILED
 
14-01-2021 12:09:20 
Name-IMAG8032 (739x1024).jpg
 
14-01-2021 12:09:20 
Size-346932
 
14-01-2021 12:09:20 
Temp-C:\wamp\tmp\phpD20F.tmp
 
14-01-2021 12:09:20 
Type-image/jpeg
 
14-01-2021 12:10:17 
Upload-upload was FAILED
 
14-01-2021 12:10:17 
Name-IMAG8033 (742x1024).jpg
 
14-01-2021 12:10:17 
Size-369163
 
14-01-2021 12:10:17 
Temp-C:\wamp\tmp\phpAEB6.tmp
 
14-01-2021 12:10:17 
Type-image/jpeg
 
14-01-2021 12:12:54 
Upload-upload was FAILED
 
14-01-2021 12:12:54 
Name-IMAG8034 (749x1024).jpg
 
14-01-2021 12:12:54 
Size-470325
 
14-01-2021 12:12:54 
Temp-C:\wamp\tmp\php1586.tmp
 
14-01-2021 12:12:54 
Type-image/jpeg
 
14-01-2021 12:13:22 
Upload-upload was FAILED
 
14-01-2021 12:13:22 
Name-IMAG8035 (742x1024).jpg
 
14-01-2021 12:13:22 
Size-401778
 
14-01-2021 12:13:22 
Temp-C:\wamp\tmp\php83E2.tmp
 
14-01-2021 12:13:22 
Type-image/jpeg
 
14-01-2021 12:13:49 
Upload-upload was FAILED
 
14-01-2021 12:13:50 
Name-IMAG8036 (735x1024).jpg
 
14-01-2021 12:13:50 
Size-398713
 
14-01-2021 12:13:50 
Temp-C:\wamp\tmp\phpEE76.tmp
 
14-01-2021 12:13:50 
Type-image/jpeg
 
14-01-2021 12:14:11 
Upload-upload was FAILED
 
14-01-2021 12:14:11 
Name-IMAG8037 (743x1024).jpg
 
14-01-2021 12:14:11 
Size-340027
 
14-01-2021 12:14:11 
Temp-C:\wamp\tmp\php4245.tmp
 
14-01-2021 12:14:11 
Type-image/jpeg
 
14-01-2021 12:14:36 
Upload-upload was FAILED
 
14-01-2021 12:14:36 
Name-IMAG8038 (739x1024).jpg
 
14-01-2021 12:14:36 
Size-328529
 
14-01-2021 12:14:37 
Temp-C:\wamp\tmp\phpA5C3.tmp
 
14-01-2021 12:14:37 
Type-image/jpeg
 
14-01-2021 12:15:04 
Upload-upload was FAILED
 
14-01-2021 12:15:04 
Name-IMAG8039 (748x1024).jpg
 
14-01-2021 12:15:04 
Size-434329
 
14-01-2021 12:15:04 
Temp-C:\wamp\tmp\php1141.tmp
 
14-01-2021 12:15:04 
Type-image/jpeg
 
14-01-2021 12:15:28 
Upload-upload was FAILED
 
14-01-2021 12:15:28 
Name-IMAG8040 (742x1024).jpg
 
14-01-2021 12:15:28 
Size-412328
 
14-01-2021 12:15:28 
Temp-C:\wamp\tmp\php6E48.tmp
 
14-01-2021 12:15:28 
Type-image/jpeg
 
14-01-2021 12:15:51 
Upload-upload was FAILED
 
14-01-2021 12:15:51 
Name-IMAG8041 (739x1024).jpg
 
14-01-2021 12:15:51 
Size-391622
 
14-01-2021 12:15:51 
Temp-C:\wamp\tmp\phpC8BE.tmp
 
14-01-2021 12:15:51 
Type-image/jpeg
 
14-01-2021 12:16:15 
Upload-upload was FAILED
 
14-01-2021 12:16:15 
Name-IMAG8042 (739x1024).jpg
 
14-01-2021 12:16:15 
Size-398584
 
14-01-2021 12:16:15 
Temp-C:\wamp\tmp\php2789.tmp
 
14-01-2021 12:16:15 
Type-image/jpeg
 
14-01-2021 12:16:35 
Upload-upload was FAILED
 
14-01-2021 12:16:35 
Name-IMAG8043 (742x1024).jpg
 
14-01-2021 12:16:35 
Size-394876
 
14-01-2021 12:16:35 
Temp-C:\wamp\tmp\php7628.tmp
 
14-01-2021 12:16:35 
Type-image/jpeg
 
14-01-2021 12:19:26 
Upload-upload was FAILED
 
14-01-2021 12:19:26 
Name-IMAG8044 (739x1024).jpg
 
14-01-2021 12:19:26 
Size-363980
 
14-01-2021 12:19:26 
Temp-C:\wamp\tmp\phpF96.tmp
 
14-01-2021 12:19:26 
Type-image/jpeg
 
14-01-2021 12:31:57 
Upload-upload was FAILED
 
14-01-2021 12:31:57 
Name-IMAG8205 (739x1024).jpg
 
14-01-2021 12:31:57 
Size-381217
 
14-01-2021 12:31:57 
Temp-C:\wamp\tmp\php87D0.tmp
 
14-01-2021 12:31:58 
Type-image/jpeg
 
14-01-2021 12:32:24 
Upload-upload was FAILED
 
14-01-2021 12:32:24 
Name-IMAG8206 (744x1024).jpg
 
14-01-2021 12:32:24 
Size-369207
 
14-01-2021 12:32:24 
Temp-C:\wamp\tmp\phpEF37.tmp
 
14-01-2021 12:32:24 
Type-image/jpeg
 
14-01-2021 13:39:43 
Upload-upload was FAILED
 
14-01-2021 13:39:43 
Name-IMAG8207 (734x1024).jpg
 
14-01-2021 13:39:43 
Size-384778
 
14-01-2021 13:39:43 
Temp-C:\wamp\tmp\php90C0.tmp
 
14-01-2021 13:39:43 
Type-image/jpeg
 
14-01-2021 13:45:50 
Upload-upload was FAILED
 
14-01-2021 13:45:50 
Name-IMAG8208 (739x1024).jpg
 
14-01-2021 13:45:50 
Size-380746
 
14-01-2021 13:45:51 
Temp-C:\wamp\tmp\php2CAD.tmp
 
14-01-2021 13:45:51 
Type-image/jpeg
 
14-01-2021 13:47:52 
Upload-upload was FAILED
 
14-01-2021 13:47:52 
Name-IMAG8209 (723x1024).jpg
 
14-01-2021 13:47:52 
Size-386266
 
14-01-2021 13:47:52 
Temp-C:\wamp\tmp\php661.tmp
 
14-01-2021 13:47:52 
Type-image/jpeg
 
14-01-2021 13:48:34 
Upload-upload was FAILED
 
14-01-2021 13:48:34 
Name-IMAG8210 (737x1024).jpg
 
14-01-2021 13:48:34 
Size-371876
 
14-01-2021 13:48:34 
Temp-C:\wamp\tmp\phpAA83.tmp
 
14-01-2021 13:48:34 
Type-image/jpeg
 
14-01-2021 13:49:31 
Upload-upload was FAILED
 
14-01-2021 13:49:31 
Name-IMAG8211 (742x1024).jpg
 
14-01-2021 13:49:31 
Size-398483
 
14-01-2021 13:49:31 
Temp-C:\wamp\tmp\php8B50.tmp
 
14-01-2021 13:49:31 
Type-image/jpeg
 
14-01-2021 13:49:58 
Upload-upload was FAILED
 
14-01-2021 13:49:58 
Name-IMAG8212 (749x1024).jpg
 
14-01-2021 13:49:58 
Size-378645
 
14-01-2021 13:49:58 
Temp-C:\wamp\tmp\phpF2E5.tmp
 
14-01-2021 13:49:58 
Type-image/jpeg
 
14-01-2021 13:50:23 
Upload-upload was FAILED
 
14-01-2021 13:50:23 
Name-IMAG8213 (735x1024).jpg
 
14-01-2021 13:50:23 
Size-382963
 
14-01-2021 13:50:23 
Temp-C:\wamp\tmp\php5403.tmp
 
14-01-2021 13:50:23 
Type-image/jpeg
 
14-01-2021 13:50:49 
Upload-upload was FAILED
 
14-01-2021 13:50:49 
Name-IMAG8214 (732x1024).jpg
 
14-01-2021 13:50:49 
Size-362014
 
14-01-2021 13:50:49 
Temp-C:\wamp\tmp\phpBB98.tmp
 
14-01-2021 13:50:49 
Type-image/jpeg
 
14-01-2021 13:51:17 
Upload-upload was FAILED
 
14-01-2021 13:51:17 
Name-IMAG8215 (734x1024).jpg
 
14-01-2021 13:51:17 
Size-363454
 
14-01-2021 13:51:17 
Temp-C:\wamp\tmp\php27F1.tmp
 
14-01-2021 13:51:17 
Type-image/jpeg
 
14-01-2021 13:51:44 
Upload-upload was FAILED
 
14-01-2021 13:51:44 
Name-IMAG8216 (744x1024).jpg
 
14-01-2021 13:51:44 
Size-392953
 
14-01-2021 13:51:44 
Temp-C:\wamp\tmp\php9216.tmp
 
14-01-2021 13:51:44 
Type-image/jpeg
 
14-01-2021 13:52:08 
Upload-upload was FAILED
 
14-01-2021 13:52:08 
Name-IMAG8217 (744x1024).jpg
 
14-01-2021 13:52:08 
Size-394320
 
14-01-2021 13:52:08 
Temp-C:\wamp\tmp\phpEF2D.tmp
 
14-01-2021 13:52:08 
Type-image/jpeg
 
14-01-2021 13:52:37 
Upload-upload was FAILED
 
14-01-2021 13:52:37 
Name-IMAG8218 (730x1024).jpg
 
14-01-2021 13:52:37 
Size-386468
 
14-01-2021 13:52:37 
Temp-C:\wamp\tmp\php5FFA.tmp
 
14-01-2021 13:52:37 
Type-image/jpeg
 
14-01-2021 13:53:07 
Upload-upload was FAILED
 
14-01-2021 13:53:07 
Name-IMAG8219 (737x1024).jpg
 
14-01-2021 13:53:07 
Size-383430
 
14-01-2021 13:53:07 
Temp-C:\wamp\tmp\phpD693.tmp
 
14-01-2021 13:53:07 
Type-image/jpeg
 
14-01-2021 13:53:28 
Upload-upload was FAILED
 
14-01-2021 13:53:28 
Name-IMAG8220 (742x1024).jpg
 
14-01-2021 13:53:28 
Size-366820
 
14-01-2021 13:53:28 
Temp-C:\wamp\tmp\php2699.tmp
 
14-01-2021 13:53:28 
Type-image/jpeg
 
14-01-2021 13:54:04 
Upload-upload was FAILED
 
14-01-2021 13:54:04 
Name-IMAG8222 (749x1024).jpg
 
14-01-2021 13:54:04 
Size-399561
 
14-01-2021 13:54:04 
Temp-C:\wamp\tmp\phpB32C.tmp
 
14-01-2021 13:54:04 
Type-image/jpeg
 
14-01-2021 13:54:26 
Upload-upload was FAILED
 
14-01-2021 13:54:26 
Name-IMAG8223 (737x1024).jpg
 
14-01-2021 13:54:26 
Size-391643
 
14-01-2021 13:54:26 
Temp-C:\wamp\tmp\phpC69.tmp
 
14-01-2021 13:54:26 
Type-image/jpeg
 
14-01-2021 13:54:49 
Upload-upload was FAILED
 
14-01-2021 13:54:49 
Name-IMAG8224 (744x1024).jpg
 
14-01-2021 13:54:49 
Size-314532
 
14-01-2021 13:54:50 
Temp-C:\wamp\tmp\php65F5.tmp
 
14-01-2021 13:54:50 
Type-image/jpeg
 
14-01-2021 13:55:15 
Upload-upload was FAILED
 
14-01-2021 13:55:15 
Name-IMAG8225 (739x1024).jpg
 
14-01-2021 13:55:15 
Size-287165
 
14-01-2021 13:55:15 
Temp-C:\wamp\tmp\phpCB49.tmp
 
14-01-2021 13:55:16 
Type-image/jpeg
 
14-01-2021 13:55:44 
Upload-upload was FAILED
 
14-01-2021 13:55:44 
Name-IMAG8226 (754x1024).jpg
 
14-01-2021 13:55:44 
Size-326780
 
14-01-2021 13:55:44 
Temp-C:\wamp\tmp\php3ACE.tmp
 
14-01-2021 13:55:44 
Type-image/jpeg
 
14-01-2021 13:56:13 
Upload-upload was FAILED
 
14-01-2021 13:56:13 
Name-IMAG8227 (742x1024).jpg
 
14-01-2021 13:56:13 
Size-345586
 
14-01-2021 13:56:13 
Temp-C:\wamp\tmp\phpACC4.tmp
 
14-01-2021 13:56:13 
Type-image/jpeg
 
14-01-2021 13:56:46 
Upload-upload was FAILED
 
14-01-2021 13:56:46 
Name-IMAG8228 (749x1024).jpg
 
14-01-2021 13:56:46 
Size-327975
 
14-01-2021 13:56:46 
Temp-C:\wamp\tmp\php2EB7.tmp
 
14-01-2021 13:56:47 
Type-image/jpeg
 
14-01-2021 13:57:15 
Upload-upload was FAILED
 
14-01-2021 13:57:15 
Name-IMAG8229 (727x1024).jpg
 
14-01-2021 13:57:15 
Size-546226
 
14-01-2021 13:57:15 
Temp-C:\wamp\tmp\php9DDE.tmp
 
14-01-2021 13:57:15 
Type-image/jpeg
 
14-01-2021 13:57:43 
Upload-upload was FAILED
 
14-01-2021 13:57:43 
Name-IMAG8230 (742x1024).jpg
 
14-01-2021 13:57:43 
Size-573639
 
14-01-2021 13:57:43 
Temp-C:\wamp\tmp\phpC0B.tmp
 
14-01-2021 13:57:43 
Type-image/jpeg
 
14-01-2021 13:58:10 
Upload-upload was FAILED
 
14-01-2021 13:58:10 
Name-IMAG8231 (737x1024).jpg
 
14-01-2021 13:58:10 
Size-310924
 
14-01-2021 13:58:10 
Temp-C:\wamp\tmp\php74F9.tmp
 
14-01-2021 13:58:10 
Type-image/jpeg
 
14-01-2021 13:58:33 
Upload-upload was FAILED
 
14-01-2021 13:58:33 
Name-IMAG8232 (749x1024).jpg
 
14-01-2021 13:58:33 
Size-303304
 
14-01-2021 13:58:33 
Temp-C:\wamp\tmp\phpD0A8.tmp
 
14-01-2021 13:58:33 
Type-image/jpeg
 
14-01-2021 13:58:58 
Upload-upload was FAILED
 
14-01-2021 13:58:58 
Name-IMAG8233 (735x1024).jpg
 
14-01-2021 13:58:58 
Size-373999
 
14-01-2021 13:58:58 
Temp-C:\wamp\tmp\php3000.tmp
 
14-01-2021 13:58:58 
Type-image/jpeg
 
14-01-2021 13:59:20 
Upload-upload was FAILED
 
14-01-2021 13:59:20 
Name-IMAG8234 (735x1024).jpg
 
14-01-2021 13:59:20 
Size-361989
 
14-01-2021 13:59:20 
Temp-C:\wamp\tmp\php86AD.tmp
 
14-01-2021 13:59:20 
Type-image/jpeg
 
14-01-2021 13:59:43 
Upload-upload was FAILED
 
14-01-2021 13:59:43 
Name-IMAG8235 (746x1024).jpg
 
14-01-2021 13:59:43 
Size-370599
 
14-01-2021 13:59:43 
Temp-C:\wamp\tmp\phpDFAD.tmp
 
14-01-2021 13:59:43 
Type-image/jpeg
 
14-01-2021 14:00:07 
Upload-upload was FAILED
 
14-01-2021 14:00:07 
Name-IMAG8236 (742x1024).jpg
 
14-01-2021 14:00:07 
Size-395733
 
14-01-2021 14:00:07 
Temp-C:\wamp\tmp\php3D30.tmp
 
14-01-2021 14:00:07 
Type-image/jpeg
 
14-01-2021 14:00:32 
Upload-upload was FAILED
 
14-01-2021 14:00:32 
Name-IMAG8237 (746x1024).jpg
 
14-01-2021 14:00:32 
Size-361411
 
14-01-2021 14:00:32 
Temp-C:\wamp\tmp\php9E9C.tmp
 
14-01-2021 14:00:32 
Type-image/jpeg
 
14-01-2021 14:01:02 
Upload-upload was FAILED
 
14-01-2021 14:01:02 
Name-IMAG8238 (742x1024).jpg
 
14-01-2021 14:01:02 
Size-363323
 
14-01-2021 14:01:02 
Temp-C:\wamp\tmp\php164E.tmp
 
14-01-2021 14:01:02 
Type-image/jpeg
 
14-01-2021 14:01:37 
Upload-upload was FAILED
 
14-01-2021 14:01:37 
Name-IMAG8239 (732x1024).jpg
 
14-01-2021 14:01:37 
Size-362464
 
14-01-2021 14:01:37 
Temp-C:\wamp\tmp\php9CA7.tmp
 
14-01-2021 14:01:37 
Type-image/jpeg
 
14-01-2021 14:02:08 
Upload-upload was FAILED
 
14-01-2021 14:02:08 
Name-IMAG8240 (744x1024).jpg
 
14-01-2021 14:02:08 
Size-356435
 
14-01-2021 14:02:08 
Temp-C:\wamp\tmp\php164D.tmp
 
14-01-2021 14:02:08 
Type-image/jpeg
 
14-01-2021 14:02:35 
Upload-upload was FAILED
 
14-01-2021 14:02:35 
Name-IMAG8241 (739x1024).jpg
 
14-01-2021 14:02:35 
Size-355794
 
14-01-2021 14:02:35 
Temp-C:\wamp\tmp\php81EA.tmp
 
14-01-2021 14:02:35 
Type-image/jpeg
 
14-01-2021 14:03:09 
Upload-upload was FAILED
 
14-01-2021 14:03:09 
Name-IMAG8243 (732x1024).jpg
 
14-01-2021 14:03:09 
Size-365997
 
14-01-2021 14:03:10 
Temp-C:\wamp\tmp\php70A.tmp
 
14-01-2021 14:03:10 
Type-image/jpeg
 
14-01-2021 14:03:40 
Upload-upload was FAILED
 
14-01-2021 14:03:40 
Name-IMAG8244 (732x1024).jpg
 
14-01-2021 14:03:40 
Size-361198
 
14-01-2021 14:03:40 
Temp-C:\wamp\tmp\php7E21.tmp
 
14-01-2021 14:03:40 
Type-image/jpeg
 
14-01-2021 14:04:09 
Upload-upload was FAILED
 
14-01-2021 14:04:10 
Name-IMAG8245 (737x1024).jpg
 
14-01-2021 14:04:10 
Size-347487
 
14-01-2021 14:04:10 
Temp-C:\wamp\tmp\phpF20B.tmp
 
14-01-2021 14:04:10 
Type-image/jpeg
 
14-01-2021 14:04:40 
Upload-upload was FAILED
 
14-01-2021 14:04:40 
Name-IMAG8246 (749x1024).jpg
 
14-01-2021 14:04:40 
Size-211106
 
14-01-2021 14:04:40 
Temp-C:\wamp\tmp\php69DD.tmp
 
14-01-2021 14:04:40 
Type-image/jpeg
 
14-01-2021 14:05:02 
Upload-upload was FAILED
 
14-01-2021 14:05:02 
Name-IMAG8247 (742x1024).jpg
 
14-01-2021 14:05:02 
Size-342724
 
14-01-2021 14:05:02 
Temp-C:\wamp\tmp\phpC117.tmp
 
14-01-2021 14:05:03 
Type-image/jpeg
 
14-01-2021 14:13:02 
Upload-upload was FAILED
 
14-01-2021 14:13:02 
Name-IMAG0034.JPG
 
14-01-2021 14:13:02 
Size-751012
 
14-01-2021 14:13:02 
Temp-C:\wamp\tmp\php1050.tmp
 
14-01-2021 14:13:02 
Type-image/jpeg
 
14-01-2021 14:50:10 
Upload-upload was FAILED
 
14-01-2021 14:50:11 
Name-IMAG0036 (749x1024).jpg
 
14-01-2021 14:50:11 
Size-236066
 
14-01-2021 14:50:11 
Temp-C:\wamp\tmp\php132B.tmp
 
14-01-2021 14:50:11 
Type-image/jpeg
 
14-01-2021 14:50:30 
Upload-upload was FAILED
 
14-01-2021 14:50:30 
Name-IMAG0037 (739x1024).jpg
 
14-01-2021 14:50:30 
Size-243455
 
14-01-2021 14:50:30 
Temp-C:\wamp\tmp\php5E21.tmp
 
14-01-2021 14:50:30 
Type-image/jpeg
 
14-01-2021 14:50:57 
Upload-upload was FAILED
 
14-01-2021 14:50:57 
Name-IMAG0038.JPG
 
14-01-2021 14:50:57 
Size-879226
 
14-01-2021 14:50:57 
Temp-C:\wamp\tmp\phpC856.tmp
 
14-01-2021 14:50:57 
Type-image/jpeg
 
14-01-2021 14:51:20 
Upload-upload was FAILED
 
14-01-2021 14:51:20 
Name-IMAG0039.JPG
 
14-01-2021 14:51:21 
Size-804986
 
14-01-2021 14:51:21 
Temp-C:\wamp\tmp\php2414.tmp
 
14-01-2021 14:51:21 
Type-image/jpeg
 
14-01-2021 14:51:47 
Upload-upload was FAILED
 
14-01-2021 14:51:47 
Name-IMAG0040.JPG
 
14-01-2021 14:51:47 
Size-790176
 
14-01-2021 14:51:47 
Temp-C:\wamp\tmp\php8BD9.tmp
 
14-01-2021 14:51:47 
Type-image/jpeg
 
14-01-2021 14:52:29 
Upload-upload was FAILED
 
14-01-2021 14:52:29 
Name-IMAG8046 (738x1024).jpg
 
14-01-2021 14:52:29 
Size-572044
 
14-01-2021 14:52:29 
Temp-C:\wamp\tmp\php2FAC.tmp
 
14-01-2021 14:52:29 
Type-image/jpeg
 
14-01-2021 14:53:02 
Upload-upload was FAILED
 
14-01-2021 14:53:02 
Name-IMAG8048 (749x1024).jpg
 
14-01-2021 14:53:02 
Size-375046
 
14-01-2021 14:53:02 
Temp-C:\wamp\tmp\phpB0F4.tmp
 
14-01-2021 14:53:02 
Type-image/jpeg
 
14-01-2021 14:53:31 
Upload-upload was FAILED
 
14-01-2021 14:53:31 
Name-IMAG8049 (740x1024).jpg
 
14-01-2021 14:53:32 
Size-367003
 
14-01-2021 14:53:32 
Temp-C:\wamp\tmp\php2432.tmp
 
14-01-2021 14:53:32 
Type-image/jpeg
 
14-01-2021 14:54:03 
Upload-upload was FAILED
 
14-01-2021 14:54:03 
Name-IMAG8050 (735x1024).jpg
 
14-01-2021 14:54:03 
Size-355454
 
14-01-2021 14:54:03 
Temp-C:\wamp\tmp\php9EC3.tmp
 
14-01-2021 14:54:03 
Type-image/jpeg
 
14-01-2021 14:54:31 
Upload-upload was FAILED
 
14-01-2021 14:54:31 
Name-IMAG8051 (745x1024).jpg
 
14-01-2021 14:54:31 
Size-356874
 
14-01-2021 14:54:31 
Temp-C:\wamp\tmp\phpCD1.tmp
 
14-01-2021 14:54:31 
Type-image/jpeg
 
14-01-2021 14:54:58 
Upload-upload was FAILED
 
14-01-2021 14:54:58 
Name-IMAG8052 (740x1024).jpg
 
14-01-2021 14:54:58 
Size-317443
 
14-01-2021 14:54:58 
Temp-C:\wamp\tmp\php74F3.tmp
 
14-01-2021 14:54:58 
Type-image/jpeg
 
14-01-2021 14:55:27 
Upload-upload was FAILED
 
14-01-2021 14:55:28 
Name-IMAG8053 (743x1024).jpg
 
14-01-2021 14:55:28 
Size-349525
 
14-01-2021 14:55:28 
Temp-C:\wamp\tmp\phpE9A8.tmp
 
14-01-2021 14:55:28 
Type-image/jpeg
 
14-01-2021 14:58:06 
Upload-upload was FAILED
 
14-01-2021 14:58:06 
Name-IMAG8054 (745x1024).jpg
 
14-01-2021 14:58:06 
Size-261877
 
14-01-2021 14:58:06 
Temp-C:\wamp\tmp\php55C8.tmp
 
14-01-2021 14:58:06 
Type-image/jpeg
 
14-01-2021 14:58:29 
Upload-upload was FAILED
 
14-01-2021 14:58:29 
Name-IMAG8055 (745x1024).jpg
 
14-01-2021 14:58:29 
Size-289235
 
14-01-2021 14:58:29 
Temp-C:\wamp\tmp\phpAE1C.tmp
 
14-01-2021 14:58:29 
Type-image/jpeg
 
14-01-2021 14:58:59 
Upload-upload was FAILED
 
14-01-2021 14:58:59 
Name-IMAG8058 (743x1024).jpg
 
14-01-2021 14:58:59 
Size-306426
 
14-01-2021 14:58:59 
Temp-C:\wamp\tmp\php2283.tmp
 
14-01-2021 14:58:59 
Type-image/jpeg
 
14-01-2021 14:59:34 
Upload-upload was FAILED
 
14-01-2021 14:59:34 
Name-IMAG8059 (736x1024).jpg
 
14-01-2021 14:59:34 
Size-311061
 
14-01-2021 14:59:34 
Temp-C:\wamp\tmp\phpAB2D.tmp
 
14-01-2021 14:59:34 
Type-image/jpeg
 
14-01-2021 15:01:56 
Upload-upload was FAILED
 
14-01-2021 15:01:56 
Name-IMAG8060 (745x1024).jpg
 
14-01-2021 15:01:56 
Size-237699
 
14-01-2021 15:01:56 
Temp-C:\wamp\tmp\phpD821.tmp
 
14-01-2021 15:01:56 
Type-image/jpeg
 
14-01-2021 15:02:22 
Upload-upload was FAILED
 
14-01-2021 15:02:22 
Name-IMAG8061 (751x1024).jpg
 
14-01-2021 15:02:22 
Size-344927
 
14-01-2021 15:02:22 
Temp-C:\wamp\tmp\php3C6B.tmp
 
14-01-2021 15:02:22 
Type-image/jpeg
 
14-01-2021 15:04:33 
Upload-upload was FAILED
 
14-01-2021 15:04:33 
Name-IMAG8062 (749x1024).jpg
 
14-01-2021 15:04:33 
Size-345035
 
14-01-2021 15:04:33 
Temp-C:\wamp\tmp\php3D4E.tmp
 
14-01-2021 15:04:33 
Type-image/jpeg
 
14-01-2021 15:04:57 
Upload-upload was FAILED
 
14-01-2021 15:04:57 
Name-IMAG8063 (750x1024).jpg
 
14-01-2021 15:04:57 
Size-345759
 
14-01-2021 15:04:57 
Temp-C:\wamp\tmp\php996A.tmp
 
14-01-2021 15:04:57 
Type-image/jpeg
 
14-01-2021 15:05:26 
Upload-upload was FAILED
 
14-01-2021 15:05:26 
Name-IMAG8064 (746x1024).jpg
 
14-01-2021 15:05:26 
Size-344091
 
14-01-2021 15:05:26 
Temp-C:\wamp\tmp\phpB8F.tmp
 
14-01-2021 15:05:26 
Type-image/jpeg
 
14-01-2021 15:07:46 
Upload-upload was FAILED
 
14-01-2021 15:07:46 
Name-IMAG8065 (744x1024).jpg
 
14-01-2021 15:07:46 
Size-342455
 
14-01-2021 15:07:46 
Temp-C:\wamp\tmp\php2EC1.tmp
 
14-01-2021 15:07:46 
Type-image/jpeg
 
14-01-2021 15:09:39 
Upload-upload was FAILED
 
14-01-2021 15:09:39 
Name-IMAG8066 (742x1024).jpg
 
14-01-2021 15:09:39 
Size-339305
 
14-01-2021 15:09:39 
Temp-C:\wamp\tmp\phpE63B.tmp
 
14-01-2021 15:09:39 
Type-image/jpeg
 
14-01-2021 15:09:59 
Upload-upload was FAILED
 
14-01-2021 15:09:59 
Name-IMAG8067 (741x1024).jpg
 
14-01-2021 15:09:59 
Size-342581
 
14-01-2021 15:09:59 
Temp-C:\wamp\tmp\php370C.tmp
 
14-01-2021 15:09:59 
Type-image/jpeg
 
14-01-2021 15:10:26 
Upload-upload was FAILED
 
14-01-2021 15:10:26 
Name-IMAG8068 (748x1024).jpg
 
14-01-2021 15:10:26 
Size-387399
 
14-01-2021 15:10:26 
Temp-C:\wamp\tmp\php9E06.tmp
 
14-01-2021 15:10:26 
Type-image/jpeg
 
14-01-2021 15:10:49 
Upload-upload was FAILED
 
14-01-2021 15:10:49 
Name-IMAG8069 (745x1024).jpg
 
14-01-2021 15:10:49 
Size-368219
 
14-01-2021 15:10:50 
Temp-C:\wamp\tmp\phpFAAE.tmp
 
14-01-2021 15:10:50 
Type-image/jpeg
 
14-01-2021 15:11:12 
Upload-upload was FAILED
 
14-01-2021 15:11:12 
Name-IMAG8070 (740x1024).jpg
 
14-01-2021 15:11:12 
Size-283282
 
14-01-2021 15:11:12 
Temp-C:\wamp\tmp\php5256.tmp
 
14-01-2021 15:11:12 
Type-image/jpeg
 
14-01-2021 15:11:32 
Upload-upload was FAILED
 
14-01-2021 15:11:32 
Name-IMAG8071 (745x1024).jpg
 
14-01-2021 15:11:32 
Size-345708
 
14-01-2021 15:11:32 
Temp-C:\wamp\tmp\phpA088.tmp
 
14-01-2021 15:11:32 
Type-image/jpeg
 
14-01-2021 15:18:35 
Upload-upload was FAILED
 
14-01-2021 15:18:35 
Name-IMAG8072 (743x1024).jpg
 
14-01-2021 15:18:35 
Size-405347
 
14-01-2021 15:18:36 
Temp-C:\wamp\tmp\php16E5.tmp
 
14-01-2021 15:18:36 
Type-image/jpeg
 
14-01-2021 15:18:55 
Upload-upload was FAILED
 
14-01-2021 15:18:55 
Name-IMAG8073 (750x1024).jpg
 
14-01-2021 15:18:55 
Size-374557
 
14-01-2021 15:18:55 
Temp-C:\wamp\tmp\php643C.tmp
 
14-01-2021 15:18:55 
Type-image/jpeg
 
14-01-2021 15:19:23 
Upload-upload was FAILED
 
14-01-2021 15:19:23 
Name-IMAG8074 (750x1024).jpg
 
14-01-2021 15:19:23 
Size-428407
 
14-01-2021 15:19:23 
Temp-C:\wamp\tmp\phpD21B.tmp
 
14-01-2021 15:19:23 
Type-image/jpeg
 
14-01-2021 15:19:50 
Upload-upload was FAILED
 
14-01-2021 15:19:50 
Name-IMAG8075 (746x1024).jpg
 
14-01-2021 15:19:50 
Size-386328
 
14-01-2021 15:19:50 
Temp-C:\wamp\tmp\php39B1.tmp
 
14-01-2021 15:19:50 
Type-image/jpeg
 
14-01-2021 15:20:19 
Upload-upload was FAILED
 
14-01-2021 15:20:19 
Name-IMAG8079 (743x1024).jpg
 
14-01-2021 15:20:19 
Size-295863
 
14-01-2021 15:20:19 
Temp-C:\wamp\tmp\phpAA7E.tmp
 
14-01-2021 15:20:19 
Type-image/jpeg
 
14-01-2021 15:20:38 
Upload-upload was FAILED
 
14-01-2021 15:20:38 
Name-IMAG8080 (740x1024).jpg
 
14-01-2021 15:20:38 
Size-294307
 
14-01-2021 15:20:38 
Temp-C:\wamp\tmp\phpF554.tmp
 
14-01-2021 15:20:38 
Type-image/jpeg
 
14-01-2021 15:21:00 
Upload-upload was FAILED
 
14-01-2021 15:21:00 
Name-IMAG8083 (748x1024).jpg
 
14-01-2021 15:21:00 
Size-372915
 
14-01-2021 15:21:00 
Temp-C:\wamp\tmp\php4BF2.tmp
 
14-01-2021 15:21:00 
Type-image/jpeg
 
14-01-2021 15:21:21 
Upload-upload was FAILED
 
14-01-2021 15:21:21 
Name-IMAG8084 (748x1024).jpg
 
14-01-2021 15:21:21 
Size-364467
 
14-01-2021 15:21:21 
Temp-C:\wamp\tmp\php9F54.tmp
 
14-01-2021 15:21:21 
Type-image/jpeg
 
14-01-2021 15:21:45 
Upload-upload was FAILED
 
14-01-2021 15:21:45 
Name-IMAG8085 (750x1024).jpg
 
14-01-2021 15:21:45 
Size-364140
 
14-01-2021 15:21:45 
Temp-C:\wamp\tmp\phpFBCD.tmp
 
14-01-2021 15:21:45 
Type-image/jpeg
 
14-01-2021 15:22:08 
Upload-upload was FAILED
 
14-01-2021 15:22:08 
Name-IMAG8086 (738x1024).jpg
 
14-01-2021 15:22:08 
Size-359928
 
14-01-2021 15:22:08 
Temp-C:\wamp\tmp\php5663.tmp
 
14-01-2021 15:22:08 
Type-image/jpeg
 
14-01-2021 15:22:29 
Upload-upload was FAILED
 
14-01-2021 15:22:29 
Name-IMAG8087 (737x1024).jpg
 
14-01-2021 15:22:29 
Size-349247
 
14-01-2021 15:22:29 
Temp-C:\wamp\tmp\phpA6B7.tmp
 
14-01-2021 15:22:29 
Type-image/jpeg
 
14-01-2021 15:25:28 
Upload-upload was FAILED
 
14-01-2021 15:25:29 
Name-IMAG8203 (732x1024).jpg
 
14-01-2021 15:25:29 
Size-280580
 
14-01-2021 15:25:29 
Temp-C:\wamp\tmp\php64EF.tmp
 
14-01-2021 15:25:29 
Type-image/jpeg
 
14-01-2021 15:25:46 
Upload-upload was FAILED
 
14-01-2021 15:25:46 
Name-IMAG8202 (719x1024).jpg
 
14-01-2021 15:25:46 
Size-328666
 
14-01-2021 15:25:46 
Temp-C:\wamp\tmp\phpA7D6.tmp
 
14-01-2021 15:25:46 
Type-image/jpeg
 
14-01-2021 15:26:06 
Upload-upload was FAILED
 
14-01-2021 15:26:06 
Name-IMAG8201 (739x1024).jpg
 
14-01-2021 15:26:06 
Size-318130
 
14-01-2021 15:26:06 
Temp-C:\wamp\tmp\phpF915.tmp
 
14-01-2021 15:26:06 
Type-image/jpeg
 
14-01-2021 15:26:28 
Upload-upload was FAILED
 
14-01-2021 15:26:28 
Name-IMAG8200 (739x1024).jpg
 
14-01-2021 15:26:28 
Size-408514
 
14-01-2021 15:26:28 
Temp-C:\wamp\tmp\php4C77.tmp
 
14-01-2021 15:26:28 
Type-image/jpeg
 
14-01-2021 15:26:49 
Upload-upload was FAILED
 
14-01-2021 15:26:49 
Name-IMAG8199 (749x1024).jpg
 
14-01-2021 15:26:49 
Size-396468
 
14-01-2021 15:26:49 
Temp-C:\wamp\tmp\phpA027.tmp
 
14-01-2021 15:26:49 
Type-image/jpeg
 
14-01-2021 15:27:20 
Upload-upload was FAILED
 
14-01-2021 15:27:20 
Name-IMAG8198 (739x1024).jpg
 
14-01-2021 15:27:20 
Size-396285
 
14-01-2021 15:27:20 
Temp-C:\wamp\tmp\php1691.tmp
 
14-01-2021 15:27:20 
Type-image/jpeg
 
14-01-2021 15:27:43 
Upload-upload was FAILED
 
14-01-2021 15:27:43 
Name-IMAG8197 (734x1024).jpg
 
14-01-2021 15:27:43 
Size-282368
 
14-01-2021 15:27:43 
Temp-C:\wamp\tmp\php73F5.tmp
 
14-01-2021 15:27:44 
Type-image/jpeg
 
14-01-2021 15:28:03 
Upload-upload was FAILED
 
14-01-2021 15:28:03 
Name-IMAG8196 (737x1024).jpg
 
14-01-2021 15:28:03 
Size-367769
 
14-01-2021 15:28:03 
Temp-C:\wamp\tmp\phpBEEB.tmp
 
14-01-2021 15:28:03 
Type-image/jpeg
 
14-01-2021 15:28:24 
Upload-upload was FAILED
 
14-01-2021 15:28:24 
Name-IMAG8195 (739x1024).jpg
 
14-01-2021 15:28:24 
Size-288995
 
14-01-2021 15:28:24 
Temp-C:\wamp\tmp\php1162.tmp
 
14-01-2021 15:28:24 
Type-image/jpeg
 
14-01-2021 15:28:44 
Upload-upload was FAILED
 
14-01-2021 15:28:44 
Name-IMAG8194 (749x1024).jpg
 
14-01-2021 15:28:44 
Size-298008
 
14-01-2021 15:28:44 
Temp-C:\wamp\tmp\php5FD2.tmp
 
14-01-2021 15:28:44 
Type-image/jpeg
 
14-01-2021 15:29:05 
Upload-upload was FAILED
 
14-01-2021 15:29:05 
Name-IMAG8193 (739x1024).jpg
 
14-01-2021 15:29:05 
Size-291226
 
14-01-2021 15:29:05 
Temp-C:\wamp\tmp\phpB353.tmp
 
14-01-2021 15:29:05 
Type-image/jpeg
 
14-01-2021 15:29:26 
Upload-upload was FAILED
 
14-01-2021 15:29:26 
Name-IMAG8192 (739x1024).jpg
 
14-01-2021 15:29:26 
Size-303656
 
14-01-2021 15:29:26 
Temp-C:\wamp\tmp\php52E.tmp
 
14-01-2021 15:29:26 
Type-image/jpeg
 
14-01-2021 15:50:56 
Upload-upload was FAILED
 
14-01-2021 15:50:56 
Name-IMAG0043.JPG
 
14-01-2021 15:50:56 
Size-1166398
 
14-01-2021 15:50:56 
Temp-C:\wamp\tmp\phpB1CF.tmp
 
14-01-2021 15:50:56 
Type-image/jpeg
 
14-01-2021 15:52:35 
Upload-upload was FAILED
 
14-01-2021 15:52:35 
Name-IMAG0044.JPG
 
14-01-2021 15:52:35 
Size-719335
 
14-01-2021 15:52:35 
Temp-C:\wamp\tmp\php34F7.tmp
 
14-01-2021 15:52:35 
Type-image/jpeg
 
14-01-2021 15:54:33 
Upload-upload was FAILED
 
14-01-2021 15:54:33 
Name-IMAG0045.JPG
 
14-01-2021 15:54:33 
Size-742816
 
14-01-2021 15:54:33 
Temp-C:\wamp\tmp\php38F.tmp
 
14-01-2021 15:54:33 
Type-image/jpeg
 
14-01-2021 15:55:05 
Upload-upload was FAILED
 
14-01-2021 15:55:05 
Name-IMAG8158 (749x1024).jpg
 
14-01-2021 15:55:05 
Size-306085
 
14-01-2021 15:55:05 
Temp-C:\wamp\tmp\php7F68.tmp
 
14-01-2021 15:55:05 
Type-image/jpeg
 
14-01-2021 15:55:33 
Upload-upload was FAILED
 
14-01-2021 15:55:33 
Name-IMAG8159 (749x1024).jpg
 
14-01-2021 15:55:33 
Size-362428
 
14-01-2021 15:55:33 
Temp-C:\wamp\tmp\phpEE02.tmp
 
14-01-2021 15:55:33 
Type-image/jpeg
 
14-01-2021 15:55:55 
Upload-upload was FAILED
 
14-01-2021 15:55:55 
Name-IMAG8160 (744x1024).jpg
 
14-01-2021 15:55:55 
Size-382006
 
14-01-2021 15:55:56 
Temp-C:\wamp\tmp\php45D9.tmp
 
14-01-2021 15:55:56 
Type-image/jpeg
 
14-01-2021 15:56:22 
Upload-upload was FAILED
 
14-01-2021 15:56:22 
Name-IMAG8161 (739x1024).jpg
 
14-01-2021 15:56:22 
Size-367418
 
14-01-2021 15:56:22 
Temp-C:\wamp\tmp\phpAC65.tmp
 
14-01-2021 15:56:22 
Type-image/jpeg
 
14-01-2021 16:00:14 
Upload-upload was FAILED
 
14-01-2021 16:00:14 
Name-IMAG8163 (732x1024).jpg
 
14-01-2021 16:00:14 
Size-386774
 
14-01-2021 16:00:14 
Temp-C:\wamp\tmp\php3753.tmp
 
14-01-2021 16:00:14 
Type-image/jpeg
 
14-01-2021 16:00:39 
Upload-upload was FAILED
 
14-01-2021 16:00:39 
Name-IMAG8164 (749x1024).jpg
 
14-01-2021 16:00:39 
Size-376609
 
14-01-2021 16:00:40 
Temp-C:\wamp\tmp\php9B5E.tmp
 
14-01-2021 16:00:40 
Type-image/jpeg
 
14-01-2021 16:01:02 
Upload-upload was FAILED
 
14-01-2021 16:01:02 
Name-IMAG8166 (744x1024).jpg
 
14-01-2021 16:01:02 
Size-375213
 
14-01-2021 16:01:02 
Temp-C:\wamp\tmp\phpF3F0.tmp
 
14-01-2021 16:01:02 
Type-image/jpeg
 
14-01-2021 16:01:33 
Upload-upload was FAILED
 
14-01-2021 16:01:33 
Name-IMAG8167 (725x1024).jpg
 
14-01-2021 16:01:33 
Size-372390
 
14-01-2021 16:01:33 
Temp-C:\wamp\tmp\php6A6A.tmp
 
14-01-2021 16:01:33 
Type-image/jpeg
 
14-01-2021 16:01:55 
Upload-upload was FAILED
 
14-01-2021 16:01:55 
Name-IMAG8168 (749x1024).jpg
 
14-01-2021 16:01:56 
Size-374329
 
14-01-2021 16:01:56 
Temp-C:\wamp\tmp\phpC3F6.tmp
 
14-01-2021 16:01:56 
Type-image/jpeg
 
14-01-2021 16:02:17 
Upload-upload was FAILED
 
14-01-2021 16:02:17 
Name-IMAG8169 (749x1024).jpg
 
14-01-2021 16:02:17 
Size-368718
 
14-01-2021 16:02:17 
Temp-C:\wamp\tmp\php17D5.tmp
 
14-01-2021 16:02:17 
Type-image/jpeg
 
14-01-2021 16:07:52 
Upload-upload was FAILED
 
14-01-2021 16:07:52 
Name-IMAG8170 (742x1024).jpg
 
14-01-2021 16:07:52 
Size-367375
 
14-01-2021 16:07:52 
Temp-C:\wamp\tmp\php34FB.tmp
 
14-01-2021 16:07:52 
Type-image/jpeg
 
14-01-2021 16:08:23 
Upload-upload was FAILED
 
14-01-2021 16:08:23 
Name-IMAG8171 (737x1024).jpg
 
14-01-2021 16:08:23 
Size-376300
 
14-01-2021 16:08:23 
Temp-C:\wamp\tmp\phpAF0F.tmp
 
14-01-2021 16:08:23 
Type-image/jpeg
 
14-01-2021 16:08:44 
Upload-upload was FAILED
 
14-01-2021 16:08:44 
Name-IMAG8172 (739x1024).jpg
 
14-01-2021 16:08:45 
Size-339793
 
14-01-2021 16:08:45 
Temp-C:\wamp\tmp\php1F4.tmp
 
14-01-2021 16:08:45 
Type-image/jpeg
 
14-01-2021 16:09:13 
Upload-upload was FAILED
 
14-01-2021 16:09:13 
Name-IMAG8173 (744x1024).jpg
 
14-01-2021 16:09:13 
Size-373527
 
14-01-2021 16:09:13 
Temp-C:\wamp\tmp\php6FE3.tmp
 
14-01-2021 16:09:13 
Type-image/jpeg
 
14-01-2021 16:09:41 
Upload-upload was FAILED
 
14-01-2021 16:09:41 
Name-IMAG8174 (729x1024).jpg
 
14-01-2021 16:09:41 
Size-306163
 
14-01-2021 16:09:41 
Temp-C:\wamp\tmp\phpDD06.tmp
 
14-01-2021 16:09:41 
Type-image/jpeg
 
14-01-2021 16:10:07 
Upload-upload was FAILED
 
14-01-2021 16:10:07 
Name-IMAG8175 (734x1024).jpg
 
14-01-2021 16:10:07 
Size-309902
 
14-01-2021 16:10:07 
Temp-C:\wamp\tmp\php43A2.tmp
 
14-01-2021 16:10:07 
Type-image/jpeg
 
14-01-2021 16:10:27 
Upload-upload was FAILED
 
14-01-2021 16:10:27 
Name-IMAG8176 (730x1024).jpg
 
14-01-2021 16:10:27 
Size-241029
 
14-01-2021 16:10:27 
Temp-C:\wamp\tmp\php928F.tmp
 
14-01-2021 16:10:27 
Type-image/jpeg
 
14-01-2021 16:10:51 
Upload-upload was FAILED
 
14-01-2021 16:10:51 
Name-IMAG8177 (754x1024).jpg
 
14-01-2021 16:10:51 
Size-358202
 
14-01-2021 16:10:51 
Temp-C:\wamp\tmp\phpEECA.tmp
 
14-01-2021 16:10:51 
Type-image/jpeg
 
14-01-2021 16:11:16 
Upload-upload was FAILED
 
14-01-2021 16:11:16 
Name-IMAG8178 (742x1024).jpg
 
14-01-2021 16:11:16 
Size-346803
 
14-01-2021 16:11:16 
Temp-C:\wamp\tmp\php5278.tmp
 
14-01-2021 16:11:16 
Type-image/jpeg
 
14-01-2021 16:11:38 
Upload-upload was FAILED
 
14-01-2021 16:11:38 
Name-IMAG8179 (746x1024).jpg
 
14-01-2021 16:11:38 
Size-341469
 
14-01-2021 16:11:38 
Temp-C:\wamp\tmp\phpA637.tmp
 
14-01-2021 16:11:38 
Type-image/jpeg
 
14-01-2021 16:12:00 
Upload-upload was FAILED
 
14-01-2021 16:12:00 
Name-IMAG8180 (749x1024).jpg
 
14-01-2021 16:12:00 
Size-376652
 
14-01-2021 16:12:01 
Temp-C:\wamp\tmp\phpFF27.tmp
 
14-01-2021 16:12:01 
Type-image/jpeg
 
14-01-2021 16:12:24 
Upload-upload was FAILED
 
14-01-2021 16:12:24 
Name-IMAG8181 (739x1024).jpg
 
14-01-2021 16:12:24 
Size-308946
 
14-01-2021 16:12:25 
Temp-C:\wamp\tmp\php5D27.tmp
 
14-01-2021 16:12:25 
Type-image/jpeg
 
14-01-2021 16:12:43 
Upload-upload was FAILED
 
14-01-2021 16:12:43 
Name-IMAG8182 (749x1024).jpg
 
14-01-2021 16:12:43 
Size-312224
 
14-01-2021 16:12:43 
Temp-C:\wamp\tmp\phpA742.tmp
 
14-01-2021 16:12:43 
Type-image/jpeg
 
14-01-2021 16:13:06 
Upload-upload was FAILED
 
14-01-2021 16:13:06 
Name-IMAG8183 (713x1024).jpg
 
14-01-2021 16:13:06 
Size-302917
 
14-01-2021 16:13:06 
Temp-C:\wamp\tmp\phpFFE4.tmp
 
14-01-2021 16:13:06 
Type-image/jpeg
 
14-01-2021 16:13:26 
Upload-upload was FAILED
 
14-01-2021 16:13:26 
Name-IMAG8184 (739x1024).jpg
 
14-01-2021 16:13:26 
Size-291392
 
14-01-2021 16:13:26 
Temp-C:\wamp\tmp\php4C41.tmp
 
14-01-2021 16:13:26 
Type-image/jpeg
 
14-01-2021 16:13:43 
Upload-upload was FAILED
 
14-01-2021 16:13:43 
Name-IMAG8185 (700x1024).jpg
 
14-01-2021 16:13:43 
Size-282493
 
14-01-2021 16:13:44 
Temp-C:\wamp\tmp\php91B8.tmp
 
14-01-2021 16:13:44 
Type-image/jpeg
 
14-01-2021 16:14:05 
Upload-upload was FAILED
 
14-01-2021 16:14:05 
Name-IMAG8186 (749x1024).jpg
 
14-01-2021 16:14:05 
Size-414355
 
14-01-2021 16:14:05 
Temp-C:\wamp\tmp\phpE45E.tmp
 
14-01-2021 16:14:05 
Type-image/jpeg
 
16-01-2021 13:04:44 
Upload-upload was FAILED
 
16-01-2021 13:04:44 
Name-Disha_AadeshwarD5022.pdf
 
16-01-2021 13:04:44 
Size-390858
 
16-01-2021 13:04:44 
Temp-C:\wamp\tmp\php4182.tmp
 
16-01-2021 13:04:44 
Type-application/pdf
 
17-01-2021 15:52:53 
Upload-upload was FAILED
 
17-01-2021 15:52:53 
Name-IMAG0006.JPG
 
17-01-2021 15:52:53 
Size-686822
 
17-01-2021 15:52:53 
Temp-C:\wamp\tmp\php8F5D.tmp
 
17-01-2021 15:52:53 
Type-image/jpeg
 
17-01-2021 15:53:23 
Upload-upload was FAILED
 
17-01-2021 15:53:23 
Name-IMAG0007.JPG
 
17-01-2021 15:53:23 
Size-920950
 
17-01-2021 15:53:23 
Temp-C:\wamp\tmp\php7FA.tmp
 
17-01-2021 15:53:23 
Type-image/jpeg
 
17-01-2021 15:53:46 
Upload-upload was FAILED
 
17-01-2021 15:53:46 
Name-IMAG0008.JPG
 
17-01-2021 15:53:46 
Size-790206
 
17-01-2021 15:53:46 
Temp-C:\wamp\tmp\php6222.tmp
 
17-01-2021 15:53:47 
Type-image/jpeg
 
17-01-2021 15:54:10 
Upload-upload was FAILED
 
17-01-2021 15:54:11 
Name-IMAG0009.JPG
 
17-01-2021 15:54:11 
Size-758164
 
17-01-2021 15:54:11 
Temp-C:\wamp\tmp\phpC10D.tmp
 
17-01-2021 15:54:11 
Type-image/jpeg
 
17-01-2021 15:54:39 
Upload-upload was FAILED
 
17-01-2021 15:54:39 
Name-IMAG0011.JPG
 
17-01-2021 15:54:39 
Size-573182
 
17-01-2021 15:54:39 
Temp-C:\wamp\tmp\php316D.tmp
 
17-01-2021 15:54:39 
Type-image/jpeg
 
17-01-2021 15:55:12 
Upload-upload was FAILED
 
17-01-2021 15:55:12 
Name-IMAG0012.JPG
 
17-01-2021 15:55:12 
Size-772101
 
17-01-2021 15:55:12 
Temp-C:\wamp\tmp\phpB18C.tmp
 
17-01-2021 15:55:12 
Type-image/jpeg
 
17-01-2021 15:55:39 
Upload-upload was FAILED
 
17-01-2021 15:55:39 
Name-IMAG0013.JPG
 
17-01-2021 15:55:39 
Size-764173
 
17-01-2021 15:55:39 
Temp-C:\wamp\tmp\php1A79.tmp
 
17-01-2021 15:55:39 
Type-image/jpeg
 
17-01-2021 15:56:06 
Upload-upload was FAILED
 
17-01-2021 15:56:06 
Name-IMAG0015.JPG
 
17-01-2021 15:56:07 
Size-773257
 
17-01-2021 15:56:07 
Temp-C:\wamp\tmp\php8626.tmp
 
17-01-2021 15:56:07 
Type-image/jpeg
 
17-01-2021 15:56:28 
Upload-upload was FAILED
 
17-01-2021 15:56:28 
Name-IMAG0016.JPG
 
17-01-2021 15:56:28 
Size-683677
 
17-01-2021 15:56:28 
Temp-C:\wamp\tmp\phpDACF.tmp
 
17-01-2021 15:56:28 
Type-image/jpeg
 
17-01-2021 15:57:03 
Upload-upload was FAILED
 
17-01-2021 15:57:03 
Name-IMAG0017.JPG
 
17-01-2021 15:57:03 
Size-669893
 
17-01-2021 15:57:03 
Temp-C:\wamp\tmp\php6251.tmp
 
17-01-2021 15:57:03 
Type-image/jpeg
 
17-01-2021 15:57:30 
Upload-upload was FAILED
 
17-01-2021 15:57:30 
Name-IMAG0018.JPG
 
17-01-2021 15:57:30 
Size-636865
 
17-01-2021 15:57:30 
Temp-C:\wamp\tmp\phpCAF0.tmp
 
17-01-2021 15:57:30 
Type-image/jpeg
 
17-01-2021 15:57:54 
Upload-upload was FAILED
 
17-01-2021 15:57:54 
Name-IMAG0019.JPG
 
17-01-2021 15:57:54 
Size-801436
 
17-01-2021 15:57:54 
Temp-C:\wamp\tmp\php2B52.tmp
 
17-01-2021 15:57:54 
Type-image/jpeg
 
17-01-2021 15:58:13 
Upload-upload was FAILED
 
17-01-2021 15:58:13 
Name-IMAG0020.JPG
 
17-01-2021 15:58:13 
Size-783269
 
17-01-2021 15:58:13 
Temp-C:\wamp\tmp\php72AE.tmp
 
17-01-2021 15:58:13 
Type-image/jpeg
 
17-01-2021 15:58:37 
Upload-upload was FAILED
 
17-01-2021 15:58:37 
Name-IMAG0021.JPG
 
17-01-2021 15:58:37 
Size-758266
 
17-01-2021 15:58:37 
Temp-C:\wamp\tmp\phpD0CD.tmp
 
17-01-2021 15:58:37 
Type-image/jpeg
 
17-01-2021 15:59:00 
Upload-upload was FAILED
 
17-01-2021 15:59:00 
Name-IMAG0022.JPG
 
17-01-2021 15:59:00 
Size-745703
 
17-01-2021 15:59:00 
Temp-C:\wamp\tmp\php2C9B.tmp
 
17-01-2021 15:59:01 
Type-image/jpeg
 
17-01-2021 15:59:28 
Upload-upload was FAILED
 
17-01-2021 15:59:28 
Name-IMAG0023.JPG
 
17-01-2021 15:59:28 
Size-725950
 
17-01-2021 15:59:28 
Temp-C:\wamp\tmp\php9A3C.tmp
 
17-01-2021 15:59:28 
Type-image/jpeg
 
17-01-2021 15:59:51 
Upload-upload was FAILED
 
17-01-2021 15:59:51 
Name-IMAG0024.JPG
 
17-01-2021 15:59:51 
Size-750156
 
17-01-2021 15:59:51 
Temp-C:\wamp\tmp\phpF232.tmp
 
17-01-2021 15:59:51 
Type-image/jpeg
 
17-01-2021 16:00:14 
Upload-upload was FAILED
 
17-01-2021 16:00:14 
Name-IMAG0025.JPG
 
17-01-2021 16:00:14 
Size-739975
 
17-01-2021 16:00:14 
Temp-C:\wamp\tmp\php4DC1.tmp
 
17-01-2021 16:00:14 
Type-image/jpeg
 
17-01-2021 16:00:35 
Upload-upload was FAILED
 
17-01-2021 16:00:35 
Name-IMAG0027.JPG
 
17-01-2021 16:00:35 
Size-757153
 
17-01-2021 16:00:35 
Temp-C:\wamp\tmp\php9E83.tmp
 
17-01-2021 16:00:35 
Type-image/jpeg
 
17-01-2021 16:01:02 
Upload-upload was FAILED
 
17-01-2021 16:01:02 
Name-IMAG0106.JPG
 
17-01-2021 16:01:02 
Size-739025
 
17-01-2021 16:01:02 
Temp-C:\wamp\tmp\php8F7.tmp
 
17-01-2021 16:01:02 
Type-image/jpeg
 
17-01-2021 16:01:28 
Upload-upload was FAILED
 
17-01-2021 16:01:28 
Name-IMAG0108.JPG
 
17-01-2021 16:01:28 
Size-783785
 
17-01-2021 16:01:28 
Temp-C:\wamp\tmp\php6FD1.tmp
 
17-01-2021 16:01:29 
Type-image/jpeg
 
17-01-2021 16:01:52 
Upload-upload was FAILED
 
17-01-2021 16:01:52 
Name-IMAG0109.JPG
 
17-01-2021 16:01:52 
Size-740886
 
17-01-2021 16:01:52 
Temp-C:\wamp\tmp\phpCA38.tmp
 
17-01-2021 16:01:52 
Type-image/jpeg
 
17-01-2021 16:02:15 
Upload-upload was FAILED
 
17-01-2021 16:02:15 
Name-IMAG0110.JPG
 
17-01-2021 16:02:15 
Size-787678
 
17-01-2021 16:02:16 
Temp-C:\wamp\tmp\php26E0.tmp
 
17-01-2021 16:02:16 
Type-image/jpeg
 
17-01-2021 16:02:39 
Upload-upload was FAILED
 
17-01-2021 16:02:39 
Name-IMAG0111.JPG
 
17-01-2021 16:02:39 
Size-711953
 
17-01-2021 16:02:39 
Temp-C:\wamp\tmp\php83E7.tmp
 
17-01-2021 16:02:39 
Type-image/jpeg
 
17-01-2021 16:03:42 
Upload-upload was FAILED
 
17-01-2021 16:03:42 
Name-IMAG0075.JPG
 
17-01-2021 16:03:43 
Size-739119
 
17-01-2021 16:03:43 
Temp-C:\wamp\tmp\php7B2A.tmp
 
17-01-2021 16:03:43 
Type-image/jpeg
 
17-01-2021 16:04:02 
Upload-upload was FAILED
 
17-01-2021 16:04:02 
Name-IMAG0076.JPG
 
17-01-2021 16:04:02 
Size-743554
 
17-01-2021 16:04:02 
Temp-C:\wamp\tmp\phpC748.tmp
 
17-01-2021 16:04:02 
Type-image/jpeg
 
17-01-2021 16:04:25 
Upload-upload was FAILED
 
17-01-2021 16:04:25 
Name-IMAG0077.JPG
 
17-01-2021 16:04:25 
Size-760670
 
17-01-2021 16:04:25 
Temp-C:\wamp\tmp\php1FDA.tmp
 
17-01-2021 16:04:25 
Type-image/jpeg
 
17-01-2021 16:04:49 
Upload-upload was FAILED
 
17-01-2021 16:04:49 
Name-IMAG0078.JPG
 
17-01-2021 16:04:49 
Size-760759
 
17-01-2021 16:04:49 
Temp-C:\wamp\tmp\php7E77.tmp
 
17-01-2021 16:04:49 
Type-image/jpeg
 
17-01-2021 16:05:14 
Upload-upload was FAILED
 
17-01-2021 16:05:14 
Name-IMAG0079.JPG
 
17-01-2021 16:05:14 
Size-759071
 
17-01-2021 16:05:14 
Temp-C:\wamp\tmp\phpE1E6.tmp
 
17-01-2021 16:05:14 
Type-image/jpeg
 
17-01-2021 16:05:34 
Upload-upload was FAILED
 
17-01-2021 16:05:34 
Name-IMAG0080.JPG
 
17-01-2021 16:05:34 
Size-555190
 
17-01-2021 16:05:34 
Temp-C:\wamp\tmp\php2F8B.tmp
 
17-01-2021 16:05:34 
Type-image/jpeg
 
17-01-2021 16:06:00 
Upload-upload was FAILED
 
17-01-2021 16:06:00 
Name-IMAG0081.JPG
 
17-01-2021 16:06:00 
Size-760189
 
17-01-2021 16:06:00 
Temp-C:\wamp\tmp\php957B.tmp
 
17-01-2021 16:06:00 
Type-image/jpeg
 
17-01-2021 16:06:23 
Upload-upload was FAILED
 
17-01-2021 16:06:23 
Name-IMAG0082.JPG
 
17-01-2021 16:06:23 
Size-766283
 
17-01-2021 16:06:23 
Temp-C:\wamp\tmp\phpEF55.tmp
 
17-01-2021 16:06:23 
Type-image/jpeg
 
17-01-2021 16:06:45 
Upload-upload was FAILED
 
17-01-2021 16:06:45 
Name-IMAG0083.JPG
 
17-01-2021 16:06:45 
Size-758856
 
17-01-2021 16:06:45 
Temp-C:\wamp\tmp\php4382.tmp
 
17-01-2021 16:06:45 
Type-image/jpeg
 
17-01-2021 16:07:09 
Upload-upload was FAILED
 
17-01-2021 16:07:09 
Name-IMAG0084.JPG
 
17-01-2021 16:07:09 
Size-822636
 
17-01-2021 16:07:10 
Temp-C:\wamp\tmp\phpA2DA.tmp
 
17-01-2021 16:07:10 
Type-image/jpeg
 
17-01-2021 16:07:34 
Upload-upload was FAILED
 
17-01-2021 16:07:34 
Name-IMAG0085.JPG
 
17-01-2021 16:07:34 
Size-879095
 
17-01-2021 16:07:34 
Temp-C:\wamp\tmp\php416.tmp
 
17-01-2021 16:07:34 
Type-image/jpeg
 
17-01-2021 16:07:59 
Upload-upload was FAILED
 
17-01-2021 16:07:59 
Name-IMAG0086.JPG
 
17-01-2021 16:07:59 
Size-820109
 
17-01-2021 16:07:59 
Temp-C:\wamp\tmp\php6543.tmp
 
17-01-2021 16:07:59 
Type-image/jpeg
 
17-01-2021 16:08:22 
Upload-upload was FAILED
 
17-01-2021 16:08:22 
Name-IMAG0087.JPG
 
17-01-2021 16:08:22 
Size-817027
 
17-01-2021 16:08:22 
Temp-C:\wamp\tmp\phpC037.tmp
 
17-01-2021 16:08:22 
Type-image/jpeg
 
17-01-2021 16:08:46 
Upload-upload was FAILED
 
17-01-2021 16:08:46 
Name-IMAG0088.JPG
 
17-01-2021 16:08:46 
Size-835444
 
17-01-2021 16:08:46 
Temp-C:\wamp\tmp\php1B2A.tmp
 
17-01-2021 16:08:46 
Type-image/jpeg
 
17-01-2021 16:09:13 
Upload-upload was FAILED
 
17-01-2021 16:09:13 
Name-IMAG0089.JPG
 
17-01-2021 16:09:13 
Size-880750
 
17-01-2021 16:09:13 
Temp-C:\wamp\tmp\php858E.tmp
 
17-01-2021 16:09:13 
Type-image/jpeg
 
17-01-2021 16:10:32 
Upload-upload was FAILED
 
17-01-2021 16:10:32 
Name-IMAG0090.JPG
 
17-01-2021 16:10:32 
Size-787208
 
17-01-2021 16:10:32 
Temp-C:\wamp\tmp\phpBAE4.tmp
 
17-01-2021 16:10:32 
Type-image/jpeg
 
17-01-2021 16:10:57 
Upload-upload was FAILED
 
17-01-2021 16:10:57 
Name-IMAG0091.JPG
 
17-01-2021 16:10:57 
Size-818454
 
17-01-2021 16:10:57 
Temp-C:\wamp\tmp\php1C01.tmp
 
17-01-2021 16:10:57 
Type-image/jpeg
 
17-01-2021 16:11:22 
Upload-upload was FAILED
 
17-01-2021 16:11:22 
Name-IMAG0092.JPG
 
17-01-2021 16:11:22 
Size-779308
 
17-01-2021 16:11:22 
Temp-C:\wamp\tmp\php7CD0.tmp
 
17-01-2021 16:11:22 
Type-image/jpeg
 
17-01-2021 16:11:43 
Upload-upload was FAILED
 
17-01-2021 16:11:43 
Name-IMAG0093.JPG
 
17-01-2021 16:11:43 
Size-779527
 
17-01-2021 16:11:43 
Temp-C:\wamp\tmp\phpD226.tmp
 
17-01-2021 16:11:44 
Type-image/jpeg
 
17-01-2021 16:12:06 
Upload-upload was FAILED
 
17-01-2021 16:12:06 
Name-IMAG0094.JPG
 
17-01-2021 16:12:06 
Size-827506
 
17-01-2021 16:12:06 
Temp-C:\wamp\tmp\php2B83.tmp
 
17-01-2021 16:12:06 
Type-image/jpeg
 
17-01-2021 16:12:35 
Upload-upload was FAILED
 
17-01-2021 16:12:35 
Name-IMAG0095.JPG
 
17-01-2021 16:12:35 
Size-829645
 
17-01-2021 16:12:35 
Temp-C:\wamp\tmp\php9C21.tmp
 
17-01-2021 16:12:35 
Type-image/jpeg
 
17-01-2021 16:13:03 
Upload-upload was FAILED
 
17-01-2021 16:13:03 
Name-IMAG0096.JPG
 
17-01-2021 16:13:03 
Size-883274
 
17-01-2021 16:13:03 
Temp-C:\wamp\tmp\php78F.tmp
 
17-01-2021 16:13:03 
Type-image/jpeg
 
17-01-2021 16:13:30 
Upload-upload was FAILED
 
17-01-2021 16:13:30 
Name-IMAG0097.JPG
 
17-01-2021 16:13:30 
Size-822653
 
17-01-2021 16:13:30 
Temp-C:\wamp\tmp\php7232.tmp
 
17-01-2021 16:13:30 
Type-image/jpeg
 
17-01-2021 16:13:53 
Upload-upload was FAILED
 
17-01-2021 16:13:53 
Name-IMAG0098.JPG
 
17-01-2021 16:13:53 
Size-762426
 
17-01-2021 16:13:53 
Temp-C:\wamp\tmp\phpCB51.tmp
 
17-01-2021 16:13:53 
Type-image/jpeg
 
17-01-2021 16:14:11 
Upload-upload was FAILED
 
17-01-2021 16:14:11 
Name-IMAG0099.JPG
 
17-01-2021 16:14:12 
Size-773157
 
17-01-2021 16:14:12 
Temp-C:\wamp\tmp\php14B0.tmp
 
17-01-2021 16:14:12 
Type-image/jpeg
 
17-01-2021 16:14:37 
Upload-upload was FAILED
 
17-01-2021 16:14:37 
Name-IMAG0100.JPG
 
17-01-2021 16:14:37 
Size-754999
 
17-01-2021 16:14:37 
Temp-C:\wamp\tmp\php76D7.tmp
 
17-01-2021 16:14:37 
Type-image/jpeg
 
17-01-2021 16:14:59 
Upload-upload was FAILED
 
17-01-2021 16:14:59 
Name-IMAG0101.JPG
 
17-01-2021 16:14:59 
Size-813077
 
17-01-2021 16:14:59 
Temp-C:\wamp\tmp\phpCFB7.tmp
 
17-01-2021 16:14:59 
Type-image/jpeg
 
17-01-2021 16:15:22 
Upload-upload was FAILED
 
17-01-2021 16:15:22 
Name-IMAG0102.JPG
 
17-01-2021 16:15:22 
Size-777530
 
17-01-2021 16:15:22 
Temp-C:\wamp\tmp\php28C6.tmp
 
17-01-2021 16:15:22 
Type-image/jpeg
 
17-01-2021 16:15:44 
Upload-upload was FAILED
 
17-01-2021 16:15:44 
Name-IMAG0103.JPG
 
17-01-2021 16:15:44 
Size-804875
 
17-01-2021 16:15:44 
Temp-C:\wamp\tmp\php7E4A.tmp
 
17-01-2021 16:15:44 
Type-image/jpeg
 
17-01-2021 16:16:09 
Upload-upload was FAILED
 
17-01-2021 16:16:09 
Name-IMAG0104.JPG
 
17-01-2021 16:16:09 
Size-660978
 
17-01-2021 16:16:09 
Temp-C:\wamp\tmp\phpE0B0.tmp
 
17-01-2021 16:16:09 
Type-image/jpeg
 
17-01-2021 16:16:32 
Upload-upload was FAILED
 
17-01-2021 16:16:32 
Name-IMAG0105.JPG
 
17-01-2021 16:16:32 
Size-748954
 
17-01-2021 16:16:32 
Temp-C:\wamp\tmp\php3A1D.tmp
 
17-01-2021 16:16:32 
Type-image/jpeg
 
17-01-2021 17:34:48 
Upload-upload was FAILED
 
17-01-2021 17:34:48 
Name-IMAG0113.JPG
 
17-01-2021 17:34:48 
Size-828212
 
17-01-2021 17:34:48 
Temp-C:\wamp\tmp\phpE00A.tmp
 
17-01-2021 17:34:48 
Type-image/jpeg
 
17-01-2021 17:35:17 
Upload-upload was FAILED
 
17-01-2021 17:35:17 
Name-IMAG0114.JPG
 
17-01-2021 17:35:17 
Size-896640
 
17-01-2021 17:35:17 
Temp-C:\wamp\tmp\php50A8.tmp
 
17-01-2021 17:35:17 
Type-image/jpeg
 
17-01-2021 17:35:44 
Upload-upload was FAILED
 
17-01-2021 17:35:44 
Name-IMAG0115.JPG
 
17-01-2021 17:35:44 
Size-844894
 
17-01-2021 17:35:44 
Temp-C:\wamp\tmp\phpBCE1.tmp
 
17-01-2021 17:35:45 
Type-image/jpeg
 
17-01-2021 17:36:13 
Upload-upload was FAILED
 
17-01-2021 17:36:13 
Name-IMAG0116.JPG
 
17-01-2021 17:36:13 
Size-898899
 
17-01-2021 17:36:13 
Temp-C:\wamp\tmp\php2D8F.tmp
 
17-01-2021 17:36:14 
Type-image/jpeg
 
17-01-2021 17:36:38 
Upload-upload was FAILED
 
17-01-2021 17:36:38 
Name-IMAG0117.JPG
 
17-01-2021 17:36:38 
Size-872293
 
17-01-2021 17:36:38 
Temp-C:\wamp\tmp\php9023.tmp
 
17-01-2021 17:36:38 
Type-image/jpeg
 
17-01-2021 17:37:36 
Upload-upload was FAILED
 
17-01-2021 17:37:36 
Name-IMAG0118.JPG
 
17-01-2021 17:37:36 
Size-847825
 
17-01-2021 17:37:36 
Temp-C:\wamp\tmp\php70C1.tmp
 
17-01-2021 17:37:36 
Type-image/jpeg
 
17-01-2021 17:38:14 
Upload-upload was FAILED
 
17-01-2021 17:38:14 
Name-IMAG0119.JPG
 
17-01-2021 17:38:14 
Size-898256
 
17-01-2021 17:38:14 
Temp-C:\wamp\tmp\php4D5.tmp
 
17-01-2021 17:38:14 
Type-image/jpeg
 
17-01-2021 17:40:03 
Upload-upload was FAILED
 
17-01-2021 17:40:03 
Name-IMAG0120.JPG
 
17-01-2021 17:40:03 
Size-745117
 
17-01-2021 17:40:03 
Temp-C:\wamp\tmp\phpAF2C.tmp
 
17-01-2021 17:40:03 
Type-image/jpeg
 
17-01-2021 17:40:25 
Upload-upload was FAILED
 
17-01-2021 17:40:25 
Name-IMAG0121.JPG
 
17-01-2021 17:40:25 
Size-761673
 
17-01-2021 17:40:25 
Temp-C:\wamp\tmp\php443.tmp
 
17-01-2021 17:40:25 
Type-image/jpeg
 
17-01-2021 17:40:51 
Upload-upload was FAILED
 
17-01-2021 17:40:51 
Name-IMAG0123.JPG
 
17-01-2021 17:40:51 
Size-767491
 
17-01-2021 17:40:51 
Temp-C:\wamp\tmp\php6A23.tmp
 
17-01-2021 17:40:51 
Type-image/jpeg
 
17-01-2021 17:41:20 
Upload-upload was FAILED
 
17-01-2021 17:41:20 
Name-IMAG0124.JPG
 
17-01-2021 17:41:20 
Size-766278
 
17-01-2021 17:41:20 
Temp-C:\wamp\tmp\phpDBBC.tmp
 
17-01-2021 17:41:20 
Type-image/jpeg
 
17-01-2021 17:41:59 
Upload-upload was FAILED
 
17-01-2021 17:41:59 
Name-IMAG0125.JPG
 
17-01-2021 17:41:59 
Size-767289
 
17-01-2021 17:41:59 
Temp-C:\wamp\tmp\php7473.tmp
 
17-01-2021 17:41:59 
Type-image/jpeg
 
17-01-2021 17:42:27 
Upload-upload was FAILED
 
17-01-2021 17:42:28 
Name-IMAG0126.JPG
 
17-01-2021 17:42:28 
Size-692515
 
17-01-2021 17:42:28 
Temp-C:\wamp\tmp\phpE417.tmp
 
17-01-2021 17:42:28 
Type-image/jpeg
 
17-01-2021 17:42:51 
Upload-upload was FAILED
 
17-01-2021 17:42:51 
Name-IMAG0127.JPG
 
17-01-2021 17:42:51 
Size-692606
 
17-01-2021 17:42:51 
Temp-C:\wamp\tmp\php3F49.tmp
 
17-01-2021 17:42:51 
Type-image/jpeg
 
17-01-2021 17:44:35 
Upload-upload was FAILED
 
17-01-2021 17:44:35 
Name-IMAG0128.JPG
 
17-01-2021 17:44:36 
Size-695646
 
17-01-2021 17:44:36 
Temp-C:\wamp\tmp\phpD83B.tmp
 
17-01-2021 17:44:36 
Type-image/jpeg
 
17-01-2021 17:45:58 
Upload-upload was FAILED
 
17-01-2021 17:45:59 
Name-IMAG0129.JPG
 
17-01-2021 17:45:59 
Size-670268
 
17-01-2021 17:45:59 
Temp-C:\wamp\tmp\php1C75.tmp
 
17-01-2021 17:45:59 
Type-image/jpeg
 
17-01-2021 17:46:32 
Upload-upload was FAILED
 
17-01-2021 17:46:33 
Name-IMAG0130.JPG
 
17-01-2021 17:46:33 
Size-758036
 
17-01-2021 17:46:33 
Temp-C:\wamp\tmp\phpA156.tmp
 
17-01-2021 17:46:33 
Type-image/jpeg
 
17-01-2021 17:47:11 
Upload-upload was FAILED
 
17-01-2021 17:47:11 
Name-IMAG0131.JPG
 
17-01-2021 17:47:11 
Size-758136
 
17-01-2021 17:47:11 
Temp-C:\wamp\tmp\php3607.tmp
 
17-01-2021 17:47:11 
Type-image/jpeg
 
17-01-2021 17:47:40 
Upload-upload was FAILED
 
17-01-2021 17:47:40 
Name-IMAG0132.JPG
 
17-01-2021 17:47:40 
Size-752162
 
17-01-2021 17:47:40 
Temp-C:\wamp\tmp\phpAA2F.tmp
 
17-01-2021 17:47:40 
Type-image/jpeg
 
17-01-2021 17:48:31 
Upload-upload was FAILED
 
17-01-2021 17:48:31 
Name-IMAG0133.JPG
 
17-01-2021 17:48:31 
Size-762166
 
17-01-2021 17:48:31 
Temp-C:\wamp\tmp\php6E7B.tmp
 
17-01-2021 17:48:31 
Type-image/jpeg
 
17-01-2021 17:49:36 
Upload-upload was FAILED
 
17-01-2021 17:49:36 
Name-IMAG0134.JPG
 
17-01-2021 17:49:36 
Size-766260
 
17-01-2021 17:49:36 
Temp-C:\wamp\tmp\php6DDC.tmp
 
17-01-2021 17:49:36 
Type-image/jpeg
 
17-01-2021 17:49:58 
Upload-upload was FAILED
 
17-01-2021 17:49:58 
Name-IMAG0135.JPG
 
17-01-2021 17:49:58 
Size-759481
 
17-01-2021 17:49:58 
Temp-C:\wamp\tmp\phpC286.tmp
 
17-01-2021 17:49:58 
Type-image/jpeg
 
17-01-2021 17:50:19 
Upload-upload was FAILED
 
17-01-2021 17:50:19 
Name-IMAG0136.JPG
 
17-01-2021 17:50:19 
Size-740629
 
17-01-2021 17:50:20 
Temp-C:\wamp\tmp\php17FB.tmp
 
17-01-2021 17:50:20 
Type-image/jpeg
 
17-01-2021 17:50:45 
Upload-upload was FAILED
 
17-01-2021 17:50:45 
Name-IMAG0137.JPG
 
17-01-2021 17:50:45 
Size-655948
 
17-01-2021 17:50:45 
Temp-C:\wamp\tmp\php7B0C.tmp
 
17-01-2021 17:50:45 
Type-image/jpeg
 
17-01-2021 17:51:10 
Upload-upload was FAILED
 
17-01-2021 17:51:10 
Name-IMAG0138.JPG
 
17-01-2021 17:51:10 
Size-662283
 
17-01-2021 17:51:10 
Temp-C:\wamp\tmp\phpDCA7.tmp
 
17-01-2021 17:51:10 
Type-image/jpeg
 
17-01-2021 17:51:36 
Upload-upload was FAILED
 
17-01-2021 17:51:36 
Name-IMAG0139.JPG
 
17-01-2021 17:51:36 
Size-651093
 
17-01-2021 17:51:36 
Temp-C:\wamp\tmp\php43BF.tmp
 
17-01-2021 17:51:36 
Type-image/jpeg
 
17-01-2021 17:52:01 
Upload-upload was FAILED
 
17-01-2021 17:52:01 
Name-IMAG0140.JPG
 
17-01-2021 17:52:01 
Size-774773
 
17-01-2021 17:52:01 
Temp-C:\wamp\tmp\phpA29B.tmp
 
17-01-2021 17:52:01 
Type-image/jpeg
 
17-01-2021 17:52:33 
Upload-upload was FAILED
 
17-01-2021 17:52:33 
Name-IMAG0141.JPG
 
17-01-2021 17:52:33 
Size-820567
 
17-01-2021 17:52:33 
Temp-C:\wamp\tmp\php2087.tmp
 
17-01-2021 17:52:33 
Type-image/jpeg
 
17-01-2021 17:52:55 
Upload-upload was FAILED
 
17-01-2021 17:52:55 
Name-IMAG0142.JPG
 
17-01-2021 17:52:55 
Size-951530
 
17-01-2021 17:52:55 
Temp-C:\wamp\tmp\php77C1.tmp
 
17-01-2021 17:52:55 
Type-image/jpeg
 
17-01-2021 17:53:19 
Upload-upload was FAILED
 
17-01-2021 17:53:19 
Name-IMAG0144.JPG
 
17-01-2021 17:53:19 
Size-867932
 
17-01-2021 17:53:19 
Temp-C:\wamp\tmp\phpD6BC.tmp
 
17-01-2021 17:53:19 
Type-image/jpeg
 
22-01-2021 14:05:10 
Upload-upload was FAILED
 
22-01-2021 14:05:10 
Name-IMAG0145.JPG
 
22-01-2021 14:05:10 
Size-638891
 
22-01-2021 14:05:10 
Temp-C:\wamp\tmp\php1D4E.tmp
 
22-01-2021 14:05:10 
Type-image/jpeg
 
22-01-2021 14:06:05 
Upload-upload was FAILED
 
22-01-2021 14:06:05 
Name-IMAG0148.JPG
 
22-01-2021 14:06:05 
Size-843713
 
22-01-2021 14:06:05 
Temp-C:\wamp\tmp\phpF4A5.tmp
 
22-01-2021 14:06:05 
Type-image/jpeg
 
22-01-2021 14:06:29 
Upload-upload was FAILED
 
22-01-2021 14:06:29 
Name-SD_4662.pdf
 
22-01-2021 14:06:29 
Size-697375
 
22-01-2021 14:06:29 
Temp-C:\wamp\tmp\php517C.tmp
 
22-01-2021 14:06:29 
Type-application/pdf
 
23-01-2021 10:53:49 
Upload-upload was FAILED
 
23-01-2021 10:53:49 
Name-IMAG0149.JPG
 
23-01-2021 10:53:49 
Size-745733
 
23-01-2021 10:53:49 
Temp-C:\wamp\tmp\php4733.tmp
 
23-01-2021 10:53:49 
Type-image/jpeg
 
23-01-2021 10:54:19 
Upload-upload was FAILED
 
23-01-2021 10:54:19 
Name-IMAG0150.JPG
 
23-01-2021 10:54:19 
Size-959903
 
23-01-2021 10:54:19 
Temp-C:\wamp\tmp\phpBD01.tmp
 
23-01-2021 10:54:19 
Type-image/jpeg
 
23-01-2021 10:54:46 
Upload-upload was FAILED
 
23-01-2021 10:54:46 
Name-IMAG0151.JPG
 
23-01-2021 10:54:46 
Size-848400
 
23-01-2021 10:54:46 
Temp-C:\wamp\tmp\php234F.tmp
 
23-01-2021 10:54:46 
Type-image/jpeg
 
23-01-2021 10:56:28 
Upload-upload was FAILED
 
23-01-2021 10:56:28 
Name-IMAG0152.JPG
 
23-01-2021 10:56:28 
Size-818194
 
23-01-2021 10:56:28 
Temp-C:\wamp\tmp\phpB490.tmp
 
23-01-2021 10:56:28 
Type-image/jpeg
 
23-01-2021 11:00:14 
Upload-upload was FAILED
 
23-01-2021 11:00:14 
Name-IMAG0153.JPG
 
23-01-2021 11:00:14 
Size-816166
 
23-01-2021 11:00:15 
Temp-C:\wamp\tmp\php2762.tmp
 
23-01-2021 11:00:15 
Type-image/jpeg
 
23-01-2021 11:00:48 
Upload-upload was FAILED
 
23-01-2021 11:00:48 
Name-IMAG0154.JPG
 
23-01-2021 11:00:49 
Size-868860
 
23-01-2021 11:00:49 
Temp-C:\wamp\tmp\phpACC0.tmp
 
23-01-2021 11:00:49 
Type-image/jpeg
 
23-01-2021 11:01:13 
Upload-upload was FAILED
 
23-01-2021 11:01:13 
Name-IMAG0154.JPG
 
23-01-2021 11:01:13 
Size-868860
 
23-01-2021 11:01:13 
Temp-C:\wamp\tmp\phpD9F.tmp
 
23-01-2021 11:01:13 
Type-image/jpeg
 
23-01-2021 11:01:37 
Upload-upload was FAILED
 
23-01-2021 11:01:37 
Name-IMAG0155.JPG
 
23-01-2021 11:01:37 
Size-894955
 
23-01-2021 11:01:37 
Temp-C:\wamp\tmp\php6C1D.tmp
 
23-01-2021 11:01:37 
Type-image/jpeg
 
23-01-2021 11:02:39 
Upload-upload was FAILED
 
23-01-2021 11:02:39 
Name-IMAG0156.JPG
 
23-01-2021 11:02:39 
Size-753664
 
23-01-2021 11:02:39 
Temp-C:\wamp\tmp\php5E5E.tmp
 
23-01-2021 11:02:40 
Type-image/jpeg
 
23-01-2021 11:03:17 
Upload-upload was FAILED
 
23-01-2021 11:03:17 
Name-IMAG0157.JPG
 
23-01-2021 11:03:17 
Size-756129
 
23-01-2021 11:03:17 
Temp-C:\wamp\tmp\phpF282.tmp
 
23-01-2021 11:03:17 
Type-image/jpeg
 
23-01-2021 11:03:43 
Upload-upload was FAILED
 
23-01-2021 11:03:43 
Name-IMAG0159.JPG
 
23-01-2021 11:03:43 
Size-746291
 
23-01-2021 11:03:43 
Temp-C:\wamp\tmp\php572A.tmp
 
23-01-2021 11:03:43 
Type-image/jpeg
 
23-01-2021 11:04:06 
Upload-upload was FAILED
 
23-01-2021 11:04:06 
Name-IMAG0160.JPG
 
23-01-2021 11:04:06 
Size-760204
 
23-01-2021 11:04:06 
Temp-C:\wamp\tmp\phpAFFA.tmp
 
23-01-2021 11:04:06 
Type-image/jpeg
 
23-01-2021 11:04:25 
Upload-upload was FAILED
 
23-01-2021 11:04:25 
Name-IMAG0161.JPG
 
23-01-2021 11:04:25 
Size-763487
 
23-01-2021 11:04:25 
Temp-C:\wamp\tmp\phpF959.tmp
 
23-01-2021 11:04:25 
Type-image/jpeg
 
23-01-2021 11:04:48 
Upload-upload was FAILED
 
23-01-2021 11:04:48 
Name-IMAG0162.JPG
 
23-01-2021 11:04:48 
Size-756056
 
23-01-2021 11:04:48 
Temp-C:\wamp\tmp\php5585.tmp
 
23-01-2021 11:04:48 
Type-image/jpeg
 
23-01-2021 11:05:11 
Upload-upload was FAILED
 
23-01-2021 11:05:11 
Name-IMAG0163.JPG
 
23-01-2021 11:05:11 
Size-754429
 
23-01-2021 11:05:11 
Temp-C:\wamp\tmp\phpACEE.tmp
 
23-01-2021 11:05:11 
Type-image/jpeg
 
23-01-2021 11:05:42 
Upload-upload was FAILED
 
23-01-2021 11:05:42 
Name-IMAG0165.JPG
 
23-01-2021 11:05:42 
Size-752635
 
23-01-2021 11:05:42 
Temp-C:\wamp\tmp\php2676.tmp
 
23-01-2021 11:05:42 
Type-image/jpeg
 
23-01-2021 11:06:07 
Upload-upload was FAILED
 
23-01-2021 11:06:07 
Name-IMAG0260.JPG
 
23-01-2021 11:06:07 
Size-751372
 
23-01-2021 11:06:07 
Temp-C:\wamp\tmp\php8A14.tmp
 
23-01-2021 11:06:07 
Type-image/jpeg
 
25-01-2021 10:36:28 
Upload-upload was FAILED
 
25-01-2021 10:36:28 
Name-IMAG0166.JPG
 
25-01-2021 10:36:28 
Size-864306
 
25-01-2021 10:36:28 
Temp-C:\wamp\tmp\php1E15.tmp
 
25-01-2021 10:36:28 
Type-image/jpeg
 
25-01-2021 10:37:10 
Upload-upload was FAILED
 
25-01-2021 10:37:10 
Name-IMAG0167.JPG
 
25-01-2021 10:37:10 
Size-861110
 
25-01-2021 10:37:10 
Temp-C:\wamp\tmp\phpC12D.tmp
 
25-01-2021 10:37:10 
Type-image/jpeg
 
25-01-2021 10:40:41 
Upload-upload was FAILED
 
25-01-2021 10:40:41 
Name-IMAG0168.JPG
 
25-01-2021 10:40:41 
Size-879423
 
25-01-2021 10:40:41 
Temp-C:\wamp\tmp\phpFABF.tmp
 
25-01-2021 10:40:42 
Type-image/jpeg
 
25-01-2021 10:41:22 
Upload-upload was FAILED
 
25-01-2021 10:41:22 
Name-IMAG0169.JPG
 
25-01-2021 10:41:22 
Size-914690
 
25-01-2021 10:41:22 
Temp-C:\wamp\tmp\php9888.tmp
 
25-01-2021 10:41:22 
Type-image/jpeg
 
25-01-2021 10:41:55 
Upload-upload was FAILED
 
25-01-2021 10:41:55 
Name-IMAG0170.JPG
 
25-01-2021 10:41:55 
Size-883102
 
25-01-2021 10:41:55 
Temp-C:\wamp\tmp\php1981.tmp
 
25-01-2021 10:41:55 
Type-image/jpeg
 
25-01-2021 10:42:30 
Upload-upload was FAILED
 
25-01-2021 10:42:30 
Name-IMAG0171.JPG
 
25-01-2021 10:42:30 
Size-882680
 
25-01-2021 10:42:30 
Temp-C:\wamp\tmp\phpA393.tmp
 
25-01-2021 10:42:30 
Type-image/jpeg
 
25-01-2021 10:43:15 
Upload-upload was FAILED
 
25-01-2021 10:43:15 
Name-IMAG0172.JPG
 
25-01-2021 10:43:15 
Size-909401
 
25-01-2021 10:43:15 
Temp-C:\wamp\tmp\php52C1.tmp
 
25-01-2021 10:43:15 
Type-image/jpeg
 
25-01-2021 10:43:51 
Upload-upload was FAILED
 
25-01-2021 10:43:51 
Name-IMAG0173.JPG
 
25-01-2021 10:43:51 
Size-874856
 
25-01-2021 10:43:51 
Temp-C:\wamp\tmp\phpE08C.tmp
 
25-01-2021 10:43:51 
Type-image/jpeg
 
25-01-2021 10:44:50 
Upload-upload was FAILED
 
25-01-2021 10:44:50 
Name-IMAG0174.JPG
 
25-01-2021 10:44:50 
Size-536495
 
25-01-2021 10:44:50 
Temp-C:\wamp\tmp\phpC521.tmp
 
25-01-2021 10:44:50 
Type-image/jpeg
 
25-01-2021 10:45:16 
Upload-upload was FAILED
 
25-01-2021 10:45:16 
Name-IMAG0175.JPG
 
25-01-2021 10:45:16 
Size-614751
 
25-01-2021 10:45:16 
Temp-C:\wamp\tmp\php2BCD.tmp
 
25-01-2021 10:45:16 
Type-image/jpeg
 
25-01-2021 10:45:50 
Upload-upload was FAILED
 
25-01-2021 10:45:50 
Name-IMAG0178.JPG
 
25-01-2021 10:45:50 
Size-648458
 
25-01-2021 10:45:50 
Temp-C:\wamp\tmp\phpB0DD.tmp
 
25-01-2021 10:45:50 
Type-image/jpeg
