 
22-11-2020 15:15:11 
Array
 
22-11-2020 15:15:11 

 
22-11-2020 15:15:11 
Prit
 
22-11-2020 15:15:54 
Array
 
22-11-2020 15:15:54 

 
22-11-2020 15:15:54 
Prit
 
22-11-2020 15:17:44 
Array
 
22-11-2020 15:17:44 

 
22-11-2020 15:17:44 
Prit
 
22-11-2020 15:33:16 
Array
 
22-11-2020 15:33:16 
Spark,SPARK CREATION
 
22-11-2020 15:33:16 
Prit
 
22-11-2020 15:39:33 
Array
 
22-11-2020 15:39:33 
Spark
 
22-11-2020 15:39:33 
Spark,SPARK CREATION
 
22-11-2020 15:39:33 
Prit
 
22-11-2020 15:42:57 
Array
 
22-11-2020 15:42:57 
Spark
 
22-11-2020 15:42:57 
Spark,SPARK CREATION
 
22-11-2020 15:42:57 
Prit
 
22-11-2020 15:45:19 
Array
 
22-11-2020 15:45:19 
Spark
 
22-11-2020 15:45:19 
Spark,SPARK CREATION
 
22-11-2020 15:45:19 
Prit
 
22-11-2020 15:47:06 
Array
 
22-11-2020 15:47:06 
Spark
 
22-11-2020 15:47:06 
Spark,SPARK CREATION
 
22-11-2020 15:47:06 
Prit
