insert into txt_company
		(firm_name,
		address,
		city,
		state,
		pincode,
		gstin,
		office_phone,
		contact_person,
		contact_number,
		contact_person_2,
		contact_number_2,		
		sms_number,
		whatsapp_number,
		email,
		website,
		group_id,
		commission_percentage,
		firm_type,
		reference,
		remarks,
		pan_number,
		products,
		brands,
		visiting_card,
		photo_1,
		photo_2,
		create_user,
		create_date,
		last_update_user,
		last_update_date,
		agent_id,
		bank_name,
		bank_branch,
		ifsc_code,
		bank_city,
		bank_account_number) 
		values
		(UPPER('Testing Bank Details 22'),
		'Indore',
		'Indore',
		'MADHYA PRADESH',
		'452001',
		'GSTIN',
		'',
		'',
		'',
		'',
		'',
		'',
		'',
		'',
		'',
		'235',
		'',
		'Supplier',
		'',
		'',
		'',
		'',
		'',
		'',
		'',
		'',
		'4',
		NOW(),
		'4',
		NOW(),
		'',
		'Kotak Mahindra',
		'MTCM',
		'KKBK0009898',
		'Indore',
		'000152426454')insert into txt_company
		(firm_name,
		address,
		city,
		state,
		pincode,
		gstin,
		office_phone,
		contact_person,
		contact_number,
		contact_person_2,
		contact_number_2,		
		sms_number,
		whatsapp_number,
		email,
		website,
		group_id,
		commission_percentage,
		firm_type,
		reference,
		remarks,
		pan_number,
		products,
		brands,
		visiting_card,
		photo_1,
		photo_2,
		create_user,
		create_date,
		last_update_user,
		last_update_date,
		agent_id,
		bank_name,
		bank_branch,
		ifsc_code,
		bank_city,
		bank_account_number) 
		values
		(UPPER('Testing Bank Details 22 33'),
		'Indore',
		'Indore',
		'MADHYA PRADESH',
		'452001',
		'GSTIN',
		'',
		'',
		'',
		'',
		'',
		'',
		'',
		'',
		'',
		'235',
		'',
		'Supplier',
		'',
		'',
		'',
		'',
		'',
		'',
		'',
		'',
		'4',
		NOW(),
		'4',
		NOW(),
		'',
		'Kotak Mahindra',
		'MTCM',
		'KKBK0009898',
		'Indore',
		'000152426454',)insert into txt_company
		(firm_name,
		address,
		city,
		state,
		pincode,
		gstin,
		office_phone,
		contact_person,
		contact_number,
		contact_person_2,
		contact_number_2,		
		sms_number,
		whatsapp_number,
		email,
		website,
		group_id,
		commission_percentage,
		firm_type,
		reference,
		remarks,
		pan_number,
		products,
		brands,
		visiting_card,
		photo_1,
		photo_2,
		create_user,
		create_date,
		last_update_user,
		last_update_date,
		agent_id,
		bank_name,
		bank_branch,
		ifsc_code,
		bank_city,
		bank_account_number) 
		values
		(UPPER('Testing Bank Details 44'),
		'Indore',
		'Indore',
		'MADHYA PRADESH',
		'452001',
		'GSTIN',
		'',
		'',
		'',
		'',
		'',
		'',
		'',
		'',
		'',
		'235',
		'',
		'Supplier',
		'',
		'',
		'',
		'',
		'',
		'',
		'',
		'',
		'4',
		NOW(),
		'4',
		NOW(),
		'',
		'Kotak Mahindra',
		'MTCM',
		'KKBK0009898',
		'Indore',
		'000152426454',)insert into txt_company
		(firm_name,
		address,
		city,
		state,
		pincode,
		gstin,
		office_phone,
		contact_person,
		contact_number,
		contact_person_2,
		contact_number_2,		
		sms_number,
		whatsapp_number,
		email,
		website,
		group_id,
		commission_percentage,
		firm_type,
		reference,
		remarks,
		pan_number,
		products,
		brands,
		visiting_card,
		photo_1,
		photo_2,
		create_user,
		create_date,
		last_update_user,
		last_update_date,
		agent_id,
		bank_name,
		bank_branch,
		ifsc_code,
		bank_city,
		bank_account_number) 
		values
		(UPPER('Testing Bank Details 44'),
		'Indore',
		'Indore',
		'MADHYA PRADESH',
		'52001',
		'GSTIN',
		'',
		'',
		'',
		'',
		'',
		'',
		'',
		'',
		'',
		'235',
		'',
		'Supplier',
		'',
		'',
		'',
		'',
		'',
		'',
		'',
		'',
		'4',
		NOW(),
		'4',
		NOW(),
		'',
		'Kotak Mahindra',
		'MTCM',
		'KKBK0009898',
		'Indore',
		'000152426454') update txt_company set  firm_name=UPPER('TESTING BANK DETAILS'), address='Indore', city='Indore', state='MADHYA PRADESH', pincode='452001', gstin='GSTIN', office_phone='', contact_person='', contact_number='', contact_person_2='', contact_number_2='', sms_number='', whatsapp_number='', email='',website='', group_id='235', commission_percentage='0.00', firm_type='Supplier', reference='', remarks='', products='', brands='', last_update_user='4', last_update_date=NOW(), agent_id='515', bank_name='Kotak Mahindra  Bank', bank_branch='MTCM', ifsc_code='KKBK0009898', bank_city='Indore', bank_account_number='000152426454', pan_number='' where company_id='515'insert into txt_company
		(firm_name,
		address,
		city,
		state,
		pincode,
		gstin,
		office_phone,
		contact_person,
		contact_number,
		contact_person_2,
		contact_number_2,		
		sms_number,
		whatsapp_number,
		email,
		website,
		group_id,
		commission_percentage,
		firm_type,
		reference,
		remarks,
		pan_number,
		products,
		brands,
		visiting_card,
		photo_1,
		photo_2,
		create_user,
		create_date,
		last_update_user,
		last_update_date,
		agent_id) 
		values
		(UPPER('Testing Bank Details'),
		'Indore',
		'Indore',
		'GUJARAT',
		'452001',
		'GSTIN',
		'',
		'',
		'',
		'',
		'',
		'',
		'',
		'',
		'',
		'',
		'',
		'Other',
		'',
		'',
		'',
		'',
		'',
		'',
		'',
		'',
		'1',
		NOW(),
		'1',
		NOW(),
		'')insert into txt_company
		(firm_name,
		address,
		city,
		state,
		pincode,
		gstin,
		office_phone,
		contact_person,
		contact_number,
		contact_person_2,
		contact_number_2,		
		sms_number,
		whatsapp_number,
		email,
		website,
		group_id,
		commission_percentage,
		firm_type,
		reference,
		remarks,
		pan_number,
		products,
		brands,
		visiting_card,
		photo_1,
		photo_2,
		create_user,
		create_date,
		last_update_user,
		last_update_date,
		agent_id) 
		values
		(UPPER('Testing Bank Details 99'),
		'Indore',
		'Indore',
		'DELHI',
		'452001',
		'GSTIN',
		'',
		'',
		'',
		'',
		'',
		'',
		'',
		'',
		'',
		'72',
		'',
		'Supplier',
		'',
		'',
		'',
		'',
		'',
		'',
		'',
		'',
		'1',
		NOW(),
		'1',
		NOW(),
		'379')insert into txt_company
		(firm_name,
		address,
		city,
		state,
		pincode,
		gstin,
		office_phone,
		contact_person,
		contact_number,
		contact_person_2,
		contact_number_2,		
		sms_number,
		whatsapp_number,
		email,
		website,
		group_id,
		commission_percentage,
		firm_type,
		reference,
		remarks,
		pan_number,
		products,
		brands,
		visiting_card,
		photo_1,
		photo_2,
		create_user,
		create_date,
		last_update_user,
		last_update_date,
		agent_id) 
		values
		(UPPER('Testing Bank Details 55 '),
		'Indore',
		'Indore',
		'DADRA AND NAGAR HAVELI',
		'452001',
		'GST',
		'',
		'',
		'',
		'',
		'',
		'',
		'',
		'',
		'',
		'0',
		'0',
		'Other',
		'',
		'',
		'',
		'',
		'',
		'',
		'',
		'',
		'4',
		NOW(),
		'4',
		NOW(),
		'')insert into txt_company
		(firm_name,
		address,
		city,
		state,
		pincode,
		gstin,
		office_phone,
		contact_person,
		contact_number,
		contact_person_2,
		contact_number_2,		
		sms_number,
		whatsapp_number,
		email,
		website,
		group_id,
		commission_percentage,
		firm_type,
		reference,
		remarks,
		pan_number,
		products,
		brands,
		visiting_card,
		photo_1,
		photo_2,
		create_user,
		create_date,
		last_update_user,
		last_update_date,
		agent_id) 
		values
		(UPPER('Testing Bank Details'),
		'Indore',
		'Indore',
		'BIHAR',
		'452001',
		'GSTIN',
		'',
		'',
		'',
		'',
		'',
		'',
		'',
		'',
		'',
		'0',
		'0',
		'Other',
		'',
		'',
		'',
		'',
		'',
		'',
		'',
		'',
		'4',
		NOW(),
		'4',
		NOW(),
		'0')insert into txt_company
		(firm_name,
		address,
		city,
		state,
		pincode,
		gstin,
		office_phone,
		contact_person,
		contact_number,
		contact_person_2,
		contact_number_2,		
		sms_number,
		whatsapp_number,
		email,
		website,
		group_id,
		commission_percentage,
		firm_type,
		reference,
		remarks,
		pan_number,
		products,
		brands,
		visiting_card,
		photo_1,
		photo_2,
		create_user,
		create_date,
		last_update_user,
		last_update_date,
		agent_id) 
		values
		(UPPER('Testing Bank Details'),
		'Indore',
		'Indore',
		'GUJARAT',
		'452001',
		'GSTIN',
		'',
		'',
		'',
		'',
		'',
		'',
		'',
		'',
		'',
		'0',
		'0',
		'Other',
		'',
		'',
		'',
		'',
		'',
		'',
		'',
		'',
		'4',
		NOW(),
		'4',
		NOW(),
		'0')insert into txt_company
		(firm_name,
		address,
		city,
		state,
		pincode,
		gstin,
		office_phone,
		contact_person,
		contact_number,
		contact_person_2,
		contact_number_2,		
		sms_number,
		whatsapp_number,
		email,
		website,
		group_id,
		commission_percentage,
		firm_type,
		reference,
		remarks,
		pan_number,
		products,
		brands,
		visiting_card,
		photo_1,
		photo_2,
		create_user,
		create_date,
		last_update_user,
		last_update_date,
		agent_id) 
		values
		(UPPER('Testing Bank Details 55 '),
		'Indore',
		'Indore',
		'CHANDIGARH',
		'452001',
		'GSTIN',
		'',
		'',
		'',
		'',
		'',
		'',
		'',
		'',
		'',
		'0',
		'0',
		'Other',
		'',
		'',
		'',
		'',
		'',
		'',
		'',
		'',
		'4',
		NOW(),
		'4',
		NOW(),
		'0')insert into txt_company
		(firm_name,
		address,
		city,
		state,
		pincode,
		gstin,
		office_phone,
		contact_person,
		contact_number,
		contact_person_2,
		contact_number_2,		
		sms_number,
		whatsapp_number,
		email,
		website,
		group_id,
		commission_percentage,
		firm_type,
		reference,
		remarks,
		pan_number,
		products,
		brands,
		visiting_card,
		photo_1,
		photo_2,
		create_user,
		create_date,
		last_update_user,
		last_update_date,
		agent_id,
		bank_name,
		bank_branch,
		ifsc_code,
		bank_city,
		bank_account_number) 
		values
		(UPPER('Testing Bank Details'),
		'Indore',
		'Indore',
		'JAMMU AND KASHMIR',
		'452001',
		'GSTIN',
		'',
		'',
		'',
		'',
		'',
		'',
		'',
		'',
		'',
		'0',
		'0',
		'Other',
		'',
		'',
		'',
		'',
		'',
		'',
		'',
		'',
		'4',
		NOW(),
		'4',
		NOW(),
		'0',
		'Kotak Mahindra  Bank',
		'MTCM',
		'KKBK0009898',
		'Indore',
		'000152426454') update txt_company set  firm_name=UPPER('TESTING BANK DETAILS'), address='Indore', city='Indore', state='JAMMU AND KASHMIR', pincode='452001', gstin='GSTIN', office_phone='', contact_person='', contact_number='', contact_person_2='', contact_number_2='', sms_number='', whatsapp_number='', email='',website='', group_id='235', commission_percentage='0.00', firm_type='Supplier', reference='', remarks='', products='', brands='', last_update_user='4', last_update_date=NOW(), agent_id='522', pan_number='' where company_id='522' update txt_company set  firm_name=UPPER('TESTING BANK DETAILS 123'), address='Indore', city='Indore', state='JAMMU AND KASHMIR', pincode='452001', gstin='GSTIN', office_phone='', contact_person='', contact_number='', contact_person_2='', contact_number_2='', sms_number='', whatsapp_number='', email='',website='', group_id='235', commission_percentage='0.00', firm_type='Supplier', reference='', remarks='', products='', brands='', last_update_user='4', last_update_date=NOW(), agent_id='522', bank_name='Kotak Mahindra  Bank test', bank_branch='MTCM', ifsc_code='KKBK0009898', bank_city='Indore', bank_account_number='000152426454', pan_number='' where company_id='522'