
 *******Fail **************** 
 12_05_2024_15_30_41
 Unknown column 'bill_number' in 'field list'
insert into 
			txt_commission_bill_entry
				(commission_year,
				commission_mode,
				bill_number,
				bill_date,
				supplier_account_code,
				agent_account_code,
				gst_percent,
				commission_percent,
				total_bill_amount,
				total_gr_amount,
				total_discount_amount,
				net_bill_amt,
				total_payment_amount,
				gst_amount_bill,
				gst_amount_payment,
				bill_amount_less_gst,
				total_payment_amount_less_gst,
				commission_amt_bill,
				commission_amt_pay,			
				remarks,
				last_update_user,
				last_update_date,
				create_user,
				create_date)
				values(
					'2023-2024',
					'Bill Wise',
					'101',
					'2024-05-06',
					'460',
					'',

					'5',
					'2',
					'1000000',
					'1000',
					'500',
					'998500',
					'998500',
					'49925',
					'49925',
					'948575',
					'948575',
					'18971.5',
					'18971.5',
					'Testing',
					'1',
					NOW(),
					'1',
					NOW())
 update txt_commission_bill_entry set 
			commission_bill_number='1010',
			commission_bill_date='2024-05-01',
			supplier_account_code='245',
			agent_account_code='33',
			grostotal_bill_amounts_amount='50000',
			total_gr_amount='500',
			total_discount_amount='500',
			net_bill_amt='49000',
			bill_amount_less_gst='47530',
			total_payment_amount='6000',
			total_payment_amount_less_gst='5820',
			gst_percent='3',
			gst_amount_payment='180',
			gst_amount_bill='1470',
			commission_percent='3',
			commission_percent='3',
			commission_percent='3',
			remarks='testing  Update',;
			last_update_user='1',
			last_update_date=NOW()
			where commission_bill_entry_id='1'
 *******Fail **************** 
 12_05_2024_20_16_55
 You have an error in your SQL syntax; check the manual that corresponds to your MySQL server version for the right syntax to use near ';
			last_update_user='1',
			last_update_date=NOW()
			where commission_bill' at line 19
update txt_commission_bill_entry set 
			commission_bill_number='1010',
			commission_bill_date='2024-05-01',
			supplier_account_code='245',
			agent_account_code='33',
			grostotal_bill_amounts_amount='50000',
			total_gr_amount='500',
			total_discount_amount='500',
			net_bill_amt='49000',
			bill_amount_less_gst='47530',
			total_payment_amount='6000',
			total_payment_amount_less_gst='5820',
			gst_percent='3',
			gst_amount_payment='180',
			gst_amount_bill='1470',
			commission_percent='3',
			commission_percent='3',
			commission_percent='3',
			remarks='testing  Update',;
			last_update_user='1',
			last_update_date=NOW()
			where commission_bill_entry_id='1'
 update txt_commission_bill_entry set 
			commission_bill_number='1010',
			commission_bill_date='2024-05-01',
			supplier_account_code='460',
			agent_account_code='33',
			grostotal_bill_amounts_amount='5000000',
			total_gr_amount='50000',
			total_discount_amount='25000',
			net_bill_amt='4925000',
			bill_amount_less_gst='4777250',
			total_payment_amount='400000',
			total_payment_amount_less_gst='388000',
			gst_percent='3',
			gst_amount_payment='12000',
			gst_amount_bill='147750',
			commission_percent='3',
			commission_amt_bill='143317.5',
			commission_amt_pay='11640',
			remarks='testing Update',
			last_update_user='1',
			last_update_date=NOW()
			where commission_bill_entry_id='1'
 *******Fail **************** 
 12_05_2024_20_20_43
 Unknown column 'grostotal_bill_amounts_amount' in 'field list'
update txt_commission_bill_entry set 
			commission_bill_number='1010',
			commission_bill_date='2024-05-01',
			supplier_account_code='460',
			agent_account_code='33',
			grostotal_bill_amounts_amount='5000000',
			total_gr_amount='50000',
			total_discount_amount='25000',
			net_bill_amt='4925000',
			bill_amount_less_gst='4777250',
			total_payment_amount='400000',
			total_payment_amount_less_gst='388000',
			gst_percent='3',
			gst_amount_payment='12000',
			gst_amount_bill='147750',
			commission_percent='3',
			commission_amt_bill='143317.5',
			commission_amt_pay='11640',
			remarks='testing Update',
			last_update_user='1',
			last_update_date=NOW()
			where commission_bill_entry_id='1'
 update txt_commission_bill_entry set 
			commission_bill_number='1010',
			commission_bill_date='2024-05-01',
			supplier_account_code='460',
			agent_account_code='33',
			total_bill_amount='100000',
			total_gr_amount='0',
			total_discount_amount='0',
			net_bill_amt='100000',
			bill_amount_less_gst='95000',
			total_payment_amount='10000',
			total_payment_amount_less_gst='9500',
			gst_percent='5',
			gst_amount_payment='500',
			gst_amount_bill='5000',
			commission_percent='2',
			commission_amt_bill='1900',
			commission_amt_pay='190',
			remarks='testing',
			last_update_user='1',
			last_update_date=NOW()
			where commission_bill_entry_id='1'update txt_commission_bill_entry set 
			commission_bill_number='1010',
			commission_bill_date='2024-05-01',
			supplier_account_code='460',
			agent_account_code='33',
			total_bill_amount='100000',
			total_gr_amount='2500',
			total_discount_amount='2100',
			net_bill_amt='95400',
			bill_amount_less_gst='92538',
			total_payment_amount='500000',
			total_payment_amount_less_gst='485000',
			gst_percent='3',
			gst_amount_payment='15000',
			gst_amount_bill='2862',
			commission_percent='3',
			commission_amt_bill='2776.14',
			commission_amt_pay='14550',
			remarks='testing Update',
			last_update_user='1',
			last_update_date=NOW()
			where commission_bill_entry_id='1'update txt_commission_bill_entry set 
			commission_bill_number='1010',
			commission_bill_date='2024-05-01',
			supplier_account_code='460',
			agent_account_code='33',
			total_bill_amount='100000',
			total_gr_amount='2500',
			total_discount_amount='2100',
			net_bill_amt='95400',
			bill_amount_less_gst='92538',
			total_payment_amount='500000',
			total_payment_amount_less_gst='485000',
			gst_percent='3',
			gst_amount_payment='15000',
			gst_amount_bill='2862',
			commission_percent='3',
			commission_amt_bill='2776.14',
			commission_amt_pay='14550',
			remarks='testing Update',
			last_update_user='1',
			last_update_date=NOW()
			where commission_bill_entry_id='1'update txt_commission_bill_entry set 
			commission_bill_number='1010',
			commission_bill_date='2024-05-01',
			supplier_account_code='460',
			agent_account_code='33',
			total_bill_amount='100000',
			total_gr_amount='2500',
			total_discount_amount='2100',
			net_bill_amt='95400',
			bill_amount_less_gst='92538',
			total_payment_amount='500000',
			total_payment_amount_less_gst='485000',
			gst_percent='3',
			gst_amount_payment='15000',
			gst_amount_bill='2862',
			commission_percent='3',
			commission_amt_bill='2776.14',
			commission_amt_pay='14550',
			remarks='testing Update',
			last_update_user='1',
			last_update_date=NOW()
			where commission_bill_entry_id='1'update txt_commission_bill_entry set 
			commission_year='Old',
			commission_mode='Payment Wise',
			commission_bill_number='1010',
			commission_bill_date='2024-05-01',
			supplier_account_code='460',
			agent_account_code='33',
			total_bill_amount='100000',
			total_gr_amount='2500',
			total_discount_amount='2100',
			net_bill_amt='95400',
			bill_amount_less_gst='92538',
			total_payment_amount='500000',
			total_payment_amount_less_gst='485000',
			gst_percent='3',
			gst_amount_payment='15000',
			gst_amount_bill='2862',
			commission_percent='3',
			commission_amt_bill='2776.14',
			commission_amt_pay='14550',
			remarks='testing Update',
			last_update_user='1',
			last_update_date=NOW()
			where commission_bill_entry_id='1'update txt_commission_bill_entry set 
			commission_year='2022-2023',
			commission_mode='Payment Wise',
			commission_bill_number='1010',
			commission_bill_date='2024-05-01',
			supplier_account_code='460',
			agent_account_code='33',
			total_bill_amount='100000',
			total_gr_amount='2500',
			total_discount_amount='2100',
			net_bill_amt='95400',
			bill_amount_less_gst='92538',
			total_payment_amount='500000',
			total_payment_amount_less_gst='485000',
			gst_percent='3',
			gst_amount_payment='15000',
			gst_amount_bill='2862',
			commission_percent='3',
			commission_amt_bill='2776.14',
			commission_amt_pay='14550',
			remarks='testing Update',
			last_update_user='1',
			last_update_date=NOW()
			where commission_bill_entry_id='1'update txt_commission_bill_entry set 
			commission_year='2023-2024',
			commission_mode='Bill Wise',
			commission_bill_number='105',
			commission_bill_date='2024-05-21',
			supplier_account_code='252',
			agent_account_code='345',
			total_bill_amount='700000',
			total_gr_amount='0',
			total_discount_amount='0',
			net_bill_amt='700000',
			bill_amount_less_gst='665000',
			total_payment_amount='500000',
			total_payment_amount_less_gst='475000',
			gst_percent='5',
			gst_amount_payment='25000',
			gst_amount_bill='35000',
			commission_percent='2',
			commission_amt_bill='13300',
			commission_amt_pay='9500',
			remarks='',
			last_update_user='1',
			last_update_date=NOW()
			where commission_bill_entry_id='5'update txt_commission_bill_entry set 
			commission_year='Old',
			commission_mode='Bill Wise',
			commission_bill_number='804',
			commission_bill_date='2024-05-01',
			supplier_account_code='252',
			agent_account_code='342',
			total_bill_amount='100000',
			total_gr_amount='0',
			total_discount_amount='0',
			net_bill_amt='100000',
			bill_amount_less_gst='95000',
			total_payment_amount='50000',
			total_payment_amount_less_gst='47500',
			gst_percent='5',
			gst_amount_payment='2500',
			gst_amount_bill='5000',
			commission_percent='2',
			commission_amt_bill='1900',
			commission_amt_pay='950',
			remarks='',
			last_update_user='1',
			last_update_date=NOW()
			where commission_bill_entry_id='13'update txt_commission_bill_entry set 
			commission_year='Old',
			commission_mode='Bill Wise',
			commission_bill_number='804',
			commission_bill_date='2024-05-01',
			supplier_account_code='252',
			agent_account_code='342',
			total_bill_amount='200000',
			total_gr_amount='0',
			total_discount_amount='0',
			net_bill_amt='200000',
			bill_amount_less_gst='190000',
			total_payment_amount='50000',
			total_payment_amount_less_gst='47500',
			gst_percent='5',
			gst_amount_payment='2500',
			gst_amount_bill='10000',
			commission_percent='2',
			commission_amt_bill='3800',
			commission_amt_pay='950',
			remarks='',
			last_update_user='1',
			last_update_date=NOW()
			where commission_bill_entry_id='13'update txt_commission_bill_entry set 
			commission_year='2023-2024',
			commission_mode='Bill Wise',
			commission_bill_number='105',
			commission_bill_date='2024-05-21',
			supplier_account_code='252',
			agent_account_code='345',
			total_bill_amount='1500000',
			total_gr_amount='0',
			total_discount_amount='0',
			net_bill_amt='1500000',
			bill_amount_less_gst='1425000',
			total_payment_amount='500000',
			total_payment_amount_less_gst='475000',
			gst_percent='5',
			gst_amount_payment='25000',
			gst_amount_bill='75000',
			commission_percent='2',
			commission_amt_bill='28500',
			commission_amt_pay='9500',
			remarks='',
			last_update_user='1',
			last_update_date=NOW()
			where commission_bill_entry_id='5'update txt_commission_bill_entry set 
			commission_year='2023-2024',
			commission_mode='Bill Wise',
			commission_bill_number='105',
			commission_bill_date='2024-05-21',
			supplier_account_code='252',
			agent_account_code='345',
			total_bill_amount='1500000',
			total_gr_amount='0',
			total_discount_amount='0',
			net_bill_amt='1500000',
			bill_amount_less_gst='1425000',
			total_payment_amount='500000',
			total_payment_amount_less_gst='475000',
			gst_percent='5',
			gst_amount_payment='25000',
			gst_amount_bill='75000',
			commission_percent='2',
			commission_amt_bill='28500',
			commission_amt_pay='9500',
			remarks='',
			last_update_user='1',
			last_update_date=NOW()
			where commission_bill_entry_id='5'update txt_commission_bill_entry set 
			commission_year='Old',
			commission_mode='Bill Wise',
			commission_bill_number='804',
			commission_bill_date='2024-05-01',
			supplier_account_code='252',
			agent_account_code='342',
			total_bill_amount='200000',
			total_gr_amount='0',
			total_discount_amount='0',
			net_bill_amt='200000',
			bill_amount_less_gst='190000',
			total_payment_amount='50000',
			total_payment_amount_less_gst='47500',
			gst_percent='5',
			gst_amount_payment='2500',
			gst_amount_bill='10000',
			commission_percent='2',
			commission_amt_bill='3800',
			commission_amt_pay='950',
			remarks='',
			last_update_user='1',
			last_update_date=NOW()
			where commission_bill_entry_id='13'update txt_commission_bill_entry set 
			commission_year='Old',
			commission_mode='Bill Wise',
			commission_bill_number='804',
			commission_bill_date='2024-05-01',
			supplier_account_code='252',
			agent_account_code='342',
			total_bill_amount='200000',
			total_gr_amount='0',
			total_discount_amount='0',
			net_bill_amt='200000',
			bill_amount_less_gst='190000',
			total_payment_amount='50000',
			total_payment_amount_less_gst='47500',
			gst_percent='5',
			gst_amount_payment='2500',
			gst_amount_bill='10000',
			commission_percent='2',
			commission_amt_bill='3800',
			commission_amt_pay='950',
			remarks='',
			last_update_user='1',
			last_update_date=NOW()
			where commission_bill_entry_id='13'update txt_commission_bill_entry set 
			commission_year='Old',
			commission_mode='Bill Wise',
			commission_bill_number='804',
			commission_bill_date='2024-05-01',
			supplier_account_code='252',
			agent_account_code='342',
			total_bill_amount='200000',
			total_gr_amount='0',
			total_discount_amount='0',
			net_bill_amt='200000',
			bill_amount_less_gst='190000',
			total_payment_amount='50000',
			total_payment_amount_less_gst='47500',
			gst_percent='5',
			gst_amount_payment='2500',
			gst_amount_bill='10000',
			commission_percent='2',
			commission_amt_bill='3800',
			commission_amt_pay='950',
			remarks='',
			last_update_user='1',
			last_update_date=NOW()
			where commission_bill_entry_id='13'update txt_commission_bill_entry set 
			commission_year='2023-2024',
			commission_mode='Bill Wise',
			commission_bill_number='105',
			commission_bill_date='2024-05-21',
			supplier_account_code='252',
			agent_account_code='345',
			total_bill_amount='15000000',
			total_gr_amount='0',
			total_discount_amount='0',
			net_bill_amt='15000000',
			bill_amount_less_gst='14250000',
			total_payment_amount='500000',
			total_payment_amount_less_gst='475000',
			gst_percent='5',
			gst_amount_payment='25000',
			gst_amount_bill='750000',
			commission_percent='2',
			commission_amt_bill='285000',
			commission_amt_pay='9500',
			remarks='',
			last_update_user='1',
			last_update_date=NOW()
			where commission_bill_entry_id='5'update txt_commission_bill_entry set 
			commission_year='Old',
			commission_mode='Bill Wise',
			commission_bill_number='601',
			commission_bill_date='2024-05-01',
			supplier_account_code='460',
			agent_account_code='33',
			total_bill_amount='800000',
			total_gr_amount='0',
			total_discount_amount='0',
			net_bill_amt='800000',
			bill_amount_less_gst='760000',
			total_payment_amount='570000',
			total_payment_amount_less_gst='541500',
			gst_percent='5',
			gst_amount_payment='28500',
			gst_amount_bill='40000',
			commission_percent='2',
			commission_amt_bill='15200',
			commission_amt_pay='10830',
			remarks='',
			last_update_user='1',
			last_update_date=NOW()
			where commission_bill_entry_id='9' update txt_commission_bill_entry set  delete_tag='TRUE', delete_user='1', delete_date=NOW() where bill_entry_id='9'
 *******Fail **************** 
 26_05_2024_20_41_47
 Unknown column 'bill_entry_id' in 'where clause'
 update txt_commission_bill_entry set  delete_tag='TRUE', delete_user='1', delete_date=NOW() where bill_entry_id='9'
  update txt_commission_bill_entry set  delete_tag='TRUE', delete_user='1', delete_date=NOW() where bill_entry_id='9'
 *******Fail **************** 
 26_05_2024_20_43_23
 Unknown column 'bill_entry_id' in 'where clause'
 update txt_commission_bill_entry set  delete_tag='TRUE', delete_user='1', delete_date=NOW() where bill_entry_id='9'
  update txt_commission_bill_entry set  delete_tag='TRUE', delete_user='1', delete_date=NOW() where commission_bill_entry_id='9' update txt_commission_bill_entry set  delete_tag='TRUE', delete_user='1', delete_date=NOW() where commission_bill_entry_id='5' update txt_commission_bill_entry set  delete_tag='TRUE', delete_user='1', delete_date=NOW() where commission_bill_entry_id='13' update txt_commission_bill_entry set  delete_tag='TRUE', delete_user='1', delete_date=NOW() where commission_bill_entry_id='12' update txt_commission_bill_entry set  delete_tag='TRUE', delete_user='1', delete_date=NOW() where commission_bill_entry_id='3' update txt_commission_bill_entry set  delete_tag='TRUE', delete_user='1', delete_date=NOW() where commission_bill_entry_id='6' update txt_commission_bill_entry set  delete_tag='TRUE', delete_user='1', delete_date=NOW() where commission_bill_entry_id='4' update txt_commission_bill_entry set  delete_tag='TRUE', delete_user='1', delete_date=NOW() where commission_bill_entry_id='11' update txt_commission_bill_entry set  delete_tag='TRUE', delete_user='1', delete_date=NOW() where commission_bill_entry_id='10' update txt_commission_bill_entry set  delete_tag='TRUE', delete_user='1', delete_date=NOW() where commission_bill_entry_id='8' update txt_commission_bill_entry set  delete_tag='TRUE', delete_user='1', delete_date=NOW() where commission_bill_entry_id='7' update txt_commission_bill_entry set  delete_tag='TRUE', delete_user='1', delete_date=NOW() where commission_bill_entry_id='2' update txt_commission_bill_entry set  delete_tag='TRUE', delete_user='1', delete_date=NOW() where commission_bill_entry_id='1'update txt_commission_bill_entry set 
			commission_year='2022-2023',
			commission_mode='Bill Wise',
			commission_bill_number='101',
			commission_bill_date='2023-04-01',
			supplier_account_code='212',
			agent_account_code='34',
			total_bill_amount='65899',
			total_gr_amount='0',
			total_discount_amount='0',
			net_bill_amt='65899',
			bill_amount_less_gst='62760.95',
			total_payment_amount='116536',
			total_payment_amount_less_gst='110986.67',
			gst_percent='5',
			gst_amount_payment='5549.33',
			gst_amount_bill='3138.05',
			commission_percent='2',
			commission_amt_bill='1255.22',
			commission_amt_pay='2219.73',
			remarks='',
			last_update_user='1',
			last_update_date=NOW()
			where commission_bill_entry_id='2'update txt_commission_bill_entry set 
			commission_year='2022-2023',
			commission_mode='Bill Wise',
			commission_bill_number='101',
			commission_bill_date='2023-04-01',
			supplier_account_code='211',
			agent_account_code='339',
			total_bill_amount='1878555',
			total_gr_amount='0',
			total_discount_amount='0',
			net_bill_amt='1878555',
			bill_amount_less_gst='1789100',
			total_payment_amount='2335028',
			total_payment_amount_less_gst='2223836.19',
			gst_percent='5',
			gst_amount_payment='111191.81',
			gst_amount_bill='89455',
			commission_percent='2',
			commission_amt_bill='35782',
			commission_amt_pay='44476.72',
			remarks='',
			last_update_user='1',
			last_update_date=NOW()
			where commission_bill_entry_id='1'update txt_commission_bill_entry set 
			commission_year='2022-2023',
			commission_mode='Bill Wise',
			commission_bill_number='101',
			commission_bill_date='2023-03-31',
			supplier_account_code='212',
			agent_account_code='34',
			total_bill_amount='65899',
			total_gr_amount='0',
			total_discount_amount='0',
			net_bill_amt='65899',
			bill_amount_less_gst='62760.95',
			total_payment_amount='116536',
			total_payment_amount_less_gst='110986.67',
			gst_percent='5',
			gst_amount_payment='5549.33',
			gst_amount_bill='3138.05',
			commission_percent='2',
			commission_amt_bill='1255.22',
			commission_amt_pay='2219.73',
			remarks='',
			last_update_user='1',
			last_update_date=NOW()
			where commission_bill_entry_id='2'update txt_commission_bill_entry set 
			commission_year='2022-2023',
			commission_mode='Bill Wise',
			commission_bill_number='101',
			commission_bill_date='2023-03-31',
			supplier_account_code='211',
			agent_account_code='339',
			total_bill_amount='1878555',
			total_gr_amount='0',
			total_discount_amount='0',
			net_bill_amt='1878555',
			bill_amount_less_gst='1789100',
			total_payment_amount='2335028',
			total_payment_amount_less_gst='2223836.19',
			gst_percent='5',
			gst_amount_payment='111191.81',
			gst_amount_bill='89455',
			commission_percent='2',
			commission_amt_bill='35782',
			commission_amt_pay='44476.72',
			remarks='',
			last_update_user='1',
			last_update_date=NOW()
			where commission_bill_entry_id='1'update txt_commission_bill_entry set 
			commission_year='2022-2023',
			commission_mode='Bill Wise',
			commission_bill_number='101',
			commission_bill_date='2023-03-31',
			supplier_account_code='8',
			agent_account_code='35',
			total_bill_amount='17185087',
			total_gr_amount='0',
			total_discount_amount='0',
			net_bill_amt='17185087',
			bill_amount_less_gst='16366749.52',
			total_payment_amount='15091587',
			total_payment_amount_less_gst='14372940',
			gst_percent='5',
			gst_amount_payment='718647',
			gst_amount_bill='818337.48',
			commission_percent='2',
			commission_amt_bill='327334.99',
			commission_amt_pay='287458.8',
			remarks='',
			last_update_user='1',
			last_update_date=NOW()
			where commission_bill_entry_id='3'update txt_commission_bill_entry set 
			commission_year='2021-2022',
			commission_mode='Bill Wise',
			commission_bill_number='',
			commission_bill_date='2022-03-31',
			supplier_account_code='132',
			agent_account_code='224',
			total_bill_amount='79800',
			total_gr_amount='79800',
			total_discount_amount='0',
			net_bill_amt='0',
			bill_amount_less_gst='0',
			total_payment_amount='79800',
			total_payment_amount_less_gst='76000',
			gst_percent='5',
			gst_amount_payment='3800',
			gst_amount_bill='0',
			commission_percent='2',
			commission_amt_bill='0',
			commission_amt_pay='1520',
			remarks='',
			last_update_user='9',
			last_update_date=NOW()
			where commission_bill_entry_id='2'update txt_commission_bill_entry set 
			commission_year='2021-2022',
			commission_mode='Bill Wise',
			commission_bill_number='',
			commission_bill_date='2022-03-31',
			supplier_account_code='47',
			agent_account_code='224',
			total_bill_amount='1179517.5',
			total_gr_amount='0',
			total_discount_amount='0',
			net_bill_amt='1179517.5',
			bill_amount_less_gst='1123350',
			total_payment_amount='1179517.5',
			total_payment_amount_less_gst='1123350',
			gst_percent='5',
			gst_amount_payment='56167.5',
			gst_amount_bill='56167.5',
			commission_percent='2',
			commission_amt_bill='22467',
			commission_amt_pay='22467',
			remarks='',
			last_update_user='9',
			last_update_date=NOW()
			where commission_bill_entry_id='3'update txt_commission_bill_entry set 
			commission_year='2021-2022',
			commission_mode='Bill Wise',
			commission_bill_number='',
			commission_bill_date='2022-03-31',
			supplier_account_code='226',
			agent_account_code='224',
			total_bill_amount='339675',
			total_gr_amount='0',
			total_discount_amount='0',
			net_bill_amt='339675',
			bill_amount_less_gst='323500',
			total_payment_amount='339675',
			total_payment_amount_less_gst='323500',
			gst_percent='5',
			gst_amount_payment='16175',
			gst_amount_bill='16175',
			commission_percent='2',
			commission_amt_bill='6470',
			commission_amt_pay='6470',
			remarks='',
			last_update_user='9',
			last_update_date=NOW()
			where commission_bill_entry_id='4'update txt_commission_bill_entry set 
			commission_year='2021-2022',
			commission_mode='Bill Wise',
			commission_bill_number='',
			commission_bill_date='2022-03-31',
			supplier_account_code='59',
			agent_account_code='224',
			total_bill_amount='777210',
			total_gr_amount='0',
			total_discount_amount='0',
			net_bill_amt='777210',
			bill_amount_less_gst='740200',
			total_payment_amount='777210',
			total_payment_amount_less_gst='740200',
			gst_percent='5',
			gst_amount_payment='37010',
			gst_amount_bill='37010',
			commission_percent='2',
			commission_amt_bill='14804',
			commission_amt_pay='14804',
			remarks='',
			last_update_user='9',
			last_update_date=NOW()
			where commission_bill_entry_id='27'update txt_commission_bill_entry set 
			commission_year='2021-2022',
			commission_mode='Bill Wise',
			commission_bill_number='',
			commission_bill_date='2022-03-31',
			supplier_account_code='157',
			agent_account_code='224',
			total_bill_amount='239400',
			total_gr_amount='0',
			total_discount_amount='0',
			net_bill_amt='239400',
			bill_amount_less_gst='228000',
			total_payment_amount='239400',
			total_payment_amount_less_gst='228000',
			gst_percent='5',
			gst_amount_payment='11400',
			gst_amount_bill='11400',
			commission_percent='2',
			commission_amt_bill='4560',
			commission_amt_pay='4560',
			remarks='',
			last_update_user='9',
			last_update_date=NOW()
			where commission_bill_entry_id='26'update txt_commission_bill_entry set 
			commission_year='2021-2022',
			commission_mode='Bill Wise',
			commission_bill_number='',
			commission_bill_date='2022-03-31',
			supplier_account_code='50',
			agent_account_code='224',
			total_bill_amount='1393875',
			total_gr_amount='0',
			total_discount_amount='0',
			net_bill_amt='1393875',
			bill_amount_less_gst='1327500',
			total_payment_amount='1393875',
			total_payment_amount_less_gst='1327500',
			gst_percent='5',
			gst_amount_payment='66375',
			gst_amount_bill='66375',
			commission_percent='2',
			commission_amt_bill='26550',
			commission_amt_pay='26550',
			remarks='',
			last_update_user='9',
			last_update_date=NOW()
			where commission_bill_entry_id='25'update txt_commission_bill_entry set 
			commission_year='2021-2022',
			commission_mode='Bill Wise',
			commission_bill_number='',
			commission_bill_date='2022-03-31',
			supplier_account_code='98',
			agent_account_code='224',
			total_bill_amount='483945',
			total_gr_amount='0',
			total_discount_amount='0',
			net_bill_amt='483945',
			bill_amount_less_gst='460900',
			total_payment_amount='483945',
			total_payment_amount_less_gst='460900',
			gst_percent='5',
			gst_amount_payment='23045',
			gst_amount_bill='23045',
			commission_percent='2',
			commission_amt_bill='9218',
			commission_amt_pay='9218',
			remarks='',
			last_update_user='9',
			last_update_date=NOW()
			where commission_bill_entry_id='24'update txt_commission_bill_entry set 
			commission_year='2021-2022',
			commission_mode='Bill Wise',
			commission_bill_number='',
			commission_bill_date='2022-03-31',
			supplier_account_code='145',
			agent_account_code='224',
			total_bill_amount='2599327.5',
			total_gr_amount='0',
			total_discount_amount='0',
			net_bill_amt='2599327.5',
			bill_amount_less_gst='2475550',
			total_payment_amount='2599327.5',
			total_payment_amount_less_gst='2475550',
			gst_percent='5',
			gst_amount_payment='123777.5',
			gst_amount_bill='123777.5',
			commission_percent='2',
			commission_amt_bill='49511',
			commission_amt_pay='49511',
			remarks='',
			last_update_user='9',
			last_update_date=NOW()
			where commission_bill_entry_id='23'update txt_commission_bill_entry set 
			commission_year='2021-2022',
			commission_mode='Bill Wise',
			commission_bill_number='',
			commission_bill_date='2022-03-31',
			supplier_account_code='108',
			agent_account_code='224',
			total_bill_amount='782250',
			total_gr_amount='0',
			total_discount_amount='0',
			net_bill_amt='782250',
			bill_amount_less_gst='745000',
			total_payment_amount='782250',
			total_payment_amount_less_gst='745000',
			gst_percent='5',
			gst_amount_payment='37250',
			gst_amount_bill='37250',
			commission_percent='2',
			commission_amt_bill='14900',
			commission_amt_pay='14900',
			remarks='',
			last_update_user='9',
			last_update_date=NOW()
			where commission_bill_entry_id='22'update txt_commission_bill_entry set 
			commission_year='2021-2022',
			commission_mode='Bill Wise',
			commission_bill_number='',
			commission_bill_date='2022-03-31',
			supplier_account_code='94',
			agent_account_code='224',
			total_bill_amount='5265330',
			total_gr_amount='0',
			total_discount_amount='0',
			net_bill_amt='5265330',
			bill_amount_less_gst='5014600',
			total_payment_amount='5265330',
			total_payment_amount_less_gst='5014600',
			gst_percent='5',
			gst_amount_payment='250730',
			gst_amount_bill='250730',
			commission_percent='2',
			commission_amt_bill='100292',
			commission_amt_pay='100292',
			remarks='',
			last_update_user='9',
			last_update_date=NOW()
			where commission_bill_entry_id='5'update txt_commission_bill_entry set 
			commission_year='2021-2022',
			commission_mode='Bill Wise',
			commission_bill_number='',
			commission_bill_date='2022-03-31',
			supplier_account_code='171',
			agent_account_code='224',
			total_bill_amount='38010',
			total_gr_amount='0',
			total_discount_amount='0',
			net_bill_amt='38010',
			bill_amount_less_gst='36200',
			total_payment_amount='38010',
			total_payment_amount_less_gst='36200',
			gst_percent='5',
			gst_amount_payment='1810',
			gst_amount_bill='1810',
			commission_percent='2',
			commission_amt_bill='724',
			commission_amt_pay='724',
			remarks='',
			last_update_user='9',
			last_update_date=NOW()
			where commission_bill_entry_id='6'update txt_commission_bill_entry set 
			commission_year='2021-2022',
			commission_mode='Bill Wise',
			commission_bill_number='',
			commission_bill_date='2022-03-31',
			supplier_account_code='48',
			agent_account_code='224',
			total_bill_amount='15185992.5',
			total_gr_amount='0',
			total_discount_amount='0',
			net_bill_amt='15185992.5',
			bill_amount_less_gst='14462850',
			total_payment_amount='15185992.5',
			total_payment_amount_less_gst='14462850',
			gst_percent='5',
			gst_amount_payment='723142.5',
			gst_amount_bill='723142.5',
			commission_percent='2',
			commission_amt_bill='289257',
			commission_amt_pay='289257',
			remarks='',
			last_update_user='9',
			last_update_date=NOW()
			where commission_bill_entry_id='21'update txt_commission_bill_entry set 
			commission_year='2021-2022',
			commission_mode='Bill Wise',
			commission_bill_number='',
			commission_bill_date='2022-03-31',
			supplier_account_code='66',
			agent_account_code='224',
			total_bill_amount='24045',
			total_gr_amount='0',
			total_discount_amount='0',
			net_bill_amt='24045',
			bill_amount_less_gst='22900',
			total_payment_amount='24045',
			total_payment_amount_less_gst='22900',
			gst_percent='5',
			gst_amount_payment='1145',
			gst_amount_bill='1145',
			commission_percent='2',
			commission_amt_bill='458',
			commission_amt_pay='458',
			remarks='',
			last_update_user='9',
			last_update_date=NOW()
			where commission_bill_entry_id='20'update txt_commission_bill_entry set 
			commission_year='2021-2022',
			commission_mode='Bill Wise',
			commission_bill_number='',
			commission_bill_date='2022-03-31',
			supplier_account_code='227',
			agent_account_code='224',
			total_bill_amount='42122535',
			total_gr_amount='0',
			total_discount_amount='0',
			net_bill_amt='42122535',
			bill_amount_less_gst='40116700',
			total_payment_amount='42122535',
			total_payment_amount_less_gst='40116700',
			gst_percent='5',
			gst_amount_payment='2005835',
			gst_amount_bill='2005835',
			commission_percent='2',
			commission_amt_bill='802334',
			commission_amt_pay='802334',
			remarks='',
			last_update_user='9',
			last_update_date=NOW()
			where commission_bill_entry_id='7'update txt_commission_bill_entry set 
			commission_year='2021-2022',
			commission_mode='Bill Wise',
			commission_bill_number='',
			commission_bill_date='2022-03-31',
			supplier_account_code='134',
			agent_account_code='224',
			total_bill_amount='787920',
			total_gr_amount='0',
			total_discount_amount='0',
			net_bill_amt='787920',
			bill_amount_less_gst='750400',
			total_payment_amount='787920',
			total_payment_amount_less_gst='750400',
			gst_percent='5',
			gst_amount_payment='37520',
			gst_amount_bill='37520',
			commission_percent='2',
			commission_amt_bill='15008',
			commission_amt_pay='15008',
			remarks='',
			last_update_user='9',
			last_update_date=NOW()
			where commission_bill_entry_id='19'update txt_commission_bill_entry set 
			commission_year='2021-2022',
			commission_mode='Bill Wise',
			commission_bill_number='',
			commission_bill_date='2022-03-31',
			supplier_account_code='230',
			agent_account_code='224',
			total_bill_amount='20963932.5',
			total_gr_amount='0',
			total_discount_amount='0',
			net_bill_amt='20963932.5',
			bill_amount_less_gst='19965650',
			total_payment_amount='20963932.5',
			total_payment_amount_less_gst='19965650',
			gst_percent='5',
			gst_amount_payment='998282.5',
			gst_amount_bill='998282.5',
			commission_percent='2',
			commission_amt_bill='399313',
			commission_amt_pay='399313',
			remarks='',
			last_update_user='9',
			last_update_date=NOW()
			where commission_bill_entry_id='18'update txt_commission_bill_entry set 
			commission_year='2021-2022',
			commission_mode='Bill Wise',
			commission_bill_number='',
			commission_bill_date='2022-03-31',
			supplier_account_code='73',
			agent_account_code='224',
			total_bill_amount='6802162.5',
			total_gr_amount='0',
			total_discount_amount='0',
			net_bill_amt='6802162.5',
			bill_amount_less_gst='6478250',
			total_payment_amount='6802162.5',
			total_payment_amount_less_gst='6478250',
			gst_percent='5',
			gst_amount_payment='323912.5',
			gst_amount_bill='323912.5',
			commission_percent='2',
			commission_amt_bill='129565',
			commission_amt_pay='129565',
			remarks='',
			last_update_user='9',
			last_update_date=NOW()
			where commission_bill_entry_id='16'update txt_commission_bill_entry set 
			commission_year='2021-2022',
			commission_mode='Bill Wise',
			commission_bill_number='',
			commission_bill_date='2022-03-31',
			supplier_account_code='120',
			agent_account_code='224',
			total_bill_amount='632415',
			total_gr_amount='0',
			total_discount_amount='0',
			net_bill_amt='632415',
			bill_amount_less_gst='602300',
			total_payment_amount='632415',
			total_payment_amount_less_gst='602300',
			gst_percent='5',
			gst_amount_payment='30115',
			gst_amount_bill='30115',
			commission_percent='2',
			commission_amt_bill='12046',
			commission_amt_pay='12046',
			remarks='',
			last_update_user='9',
			last_update_date=NOW()
			where commission_bill_entry_id='8'update txt_commission_bill_entry set 
			commission_year='2021-2022',
			commission_mode='Bill Wise',
			commission_bill_number='',
			commission_bill_date='2022-03-31',
			supplier_account_code='228',
			agent_account_code='224',
			total_bill_amount='142695',
			total_gr_amount='0',
			total_discount_amount='0',
			net_bill_amt='142695',
			bill_amount_less_gst='135900',
			total_payment_amount='142695',
			total_payment_amount_less_gst='135900',
			gst_percent='5',
			gst_amount_payment='6795',
			gst_amount_bill='6795',
			commission_percent='2',
			commission_amt_bill='2718',
			commission_amt_pay='2718',
			remarks='',
			last_update_user='9',
			last_update_date=NOW()
			where commission_bill_entry_id='9'update txt_commission_bill_entry set 
			commission_year='2021-2022',
			commission_mode='Bill Wise',
			commission_bill_number='',
			commission_bill_date='2022-03-31',
			supplier_account_code='229',
			agent_account_code='224',
			total_bill_amount='4769362.5',
			total_gr_amount='0',
			total_discount_amount='0',
			net_bill_amt='4769362.5',
			bill_amount_less_gst='4542250',
			total_payment_amount='4769362.5',
			total_payment_amount_less_gst='4542250',
			gst_percent='5',
			gst_amount_payment='227112.5',
			gst_amount_bill='227112.5',
			commission_percent='2',
			commission_amt_bill='90845',
			commission_amt_pay='90845',
			remarks='',
			last_update_user='9',
			last_update_date=NOW()
			where commission_bill_entry_id='10'update txt_commission_bill_entry set 
			commission_year='2021-2022',
			commission_mode='Bill Wise',
			commission_bill_number='',
			commission_bill_date='2022-03-31',
			supplier_account_code='8',
			agent_account_code='224',
			total_bill_amount='50070037.5',
			total_gr_amount='0',
			total_discount_amount='0',
			net_bill_amt='50070037.5',
			bill_amount_less_gst='47685750',
			total_payment_amount='50070037.5',
			total_payment_amount_less_gst='47685750',
			gst_percent='5',
			gst_amount_payment='2384287.5',
			gst_amount_bill='2384287.5',
			commission_percent='2',
			commission_amt_bill='953715',
			commission_amt_pay='953715',
			remarks='',
			last_update_user='9',
			last_update_date=NOW()
			where commission_bill_entry_id='11'update txt_commission_bill_entry set 
			commission_year='2021-2022',
			commission_mode='Bill Wise',
			commission_bill_number='',
			commission_bill_date='2022-03-31',
			supplier_account_code='4',
			agent_account_code='224',
			total_bill_amount='24341625',
			total_gr_amount='0',
			total_discount_amount='0',
			net_bill_amt='24341625',
			bill_amount_less_gst='23182500',
			total_payment_amount='24341625',
			total_payment_amount_less_gst='23182500',
			gst_percent='5',
			gst_amount_payment='1159125',
			gst_amount_bill='1159125',
			commission_percent='2',
			commission_amt_bill='463650',
			commission_amt_pay='463650',
			remarks='',
			last_update_user='9',
			last_update_date=NOW()
			where commission_bill_entry_id='12'update txt_commission_bill_entry set 
			commission_year='2021-2022',
			commission_mode='Bill Wise',
			commission_bill_number='',
			commission_bill_date='2022-03-31',
			supplier_account_code='6',
			agent_account_code='224',
			total_bill_amount='376110',
			total_gr_amount='0',
			total_discount_amount='0',
			net_bill_amt='376110',
			bill_amount_less_gst='358200',
			total_payment_amount='376110',
			total_payment_amount_less_gst='358200',
			gst_percent='5',
			gst_amount_payment='17910',
			gst_amount_bill='17910',
			commission_percent='2',
			commission_amt_bill='7164',
			commission_amt_pay='7164',
			remarks='',
			last_update_user='9',
			last_update_date=NOW()
			where commission_bill_entry_id='13'update txt_commission_bill_entry set 
			commission_year='2021-2022',
			commission_mode='Bill Wise',
			commission_bill_number='',
			commission_bill_date='2022-03-31',
			supplier_account_code='104',
			agent_account_code='224',
			total_bill_amount='552562.5',
			total_gr_amount='0',
			total_discount_amount='0',
			net_bill_amt='552562.5',
			bill_amount_less_gst='526250',
			total_payment_amount='552562.5',
			total_payment_amount_less_gst='526250',
			gst_percent='5',
			gst_amount_payment='26312.5',
			gst_amount_bill='26312.5',
			commission_percent='2',
			commission_amt_bill='10525',
			commission_amt_pay='10525',
			remarks='',
			last_update_user='9',
			last_update_date=NOW()
			where commission_bill_entry_id='15'update txt_commission_bill_entry set 
			commission_year='2021-2022',
			commission_mode='Bill Wise',
			commission_bill_number='',
			commission_bill_date='2022-03-31',
			supplier_account_code='105',
			agent_account_code='224',
			total_bill_amount='107940',
			total_gr_amount='0',
			total_discount_amount='0',
			net_bill_amt='107940',
			bill_amount_less_gst='102800',
			total_payment_amount='107940',
			total_payment_amount_less_gst='102800',
			gst_percent='5',
			gst_amount_payment='5140',
			gst_amount_bill='5140',
			commission_percent='2',
			commission_amt_bill='2056',
			commission_amt_pay='2056',
			remarks='',
			last_update_user='9',
			last_update_date=NOW()
			where commission_bill_entry_id='14'update txt_commission_bill_entry set 
			commission_year='2021-2022',
			commission_mode='Bill Wise',
			commission_bill_number='',
			commission_bill_date='2022-03-31',
			supplier_account_code='35',
			agent_account_code='224',
			total_bill_amount='104160',
			total_gr_amount='0',
			total_discount_amount='0',
			net_bill_amt='104160',
			bill_amount_less_gst='99200',
			total_payment_amount='104160',
			total_payment_amount_less_gst='99200',
			gst_percent='5',
			gst_amount_payment='4960',
			gst_amount_bill='4960',
			commission_percent='2',
			commission_amt_bill='1984',
			commission_amt_pay='1984',
			remarks='',
			last_update_user='9',
			last_update_date=NOW()
			where commission_bill_entry_id='17'update txt_commission_bill_entry set 
			commission_year='2023-2024',
			commission_mode='Bill Wise',
			commission_bill_number='interest',
			commission_bill_date='2024-03-31',
			supplier_account_code='156',
			agent_account_code='224',
			total_bill_amount='1758405',
			total_gr_amount='495235',
			total_discount_amount='459',
			net_bill_amt='1262711',
			bill_amount_less_gst='1202581.9',
			total_payment_amount='1167922',
			total_payment_amount_less_gst='1112306.67',
			gst_percent='5',
			gst_amount_payment='55615.33',
			gst_amount_bill='60129.1',
			commission_percent='2',
			commission_amt_bill='24051.64',
			commission_amt_pay='22246.13',
			remarks='',
			last_update_user='9',
			last_update_date=NOW()
			where commission_bill_entry_id='31'update txt_commission_bill_entry set 
			commission_year='2023-2024',
			commission_mode='Bill Wise',
			commission_bill_number='interest',
			commission_bill_date='2024-03-31',
			supplier_account_code='119',
			agent_account_code='224',
			total_bill_amount='1795529',
			total_gr_amount='0',
			total_discount_amount='2484',
			net_bill_amt='1793045',
			bill_amount_less_gst='1707661.9',
			total_payment_amount='1640591',
			total_payment_amount_less_gst='1562467.62',
			gst_percent='5',
			gst_amount_payment='78123.38',
			gst_amount_bill='85383.1',
			commission_percent='2',
			commission_amt_bill='34153.24',
			commission_amt_pay='31249.35',
			remarks='',
			last_update_user='9',
			last_update_date=NOW()
			where commission_bill_entry_id='30'update txt_commission_bill_entry set 
			commission_year='2023-2024',
			commission_mode='Bill Wise',
			commission_bill_number='interest',
			commission_bill_date='2024-03-31',
			supplier_account_code='5',
			agent_account_code='224',
			total_bill_amount='154168',
			total_gr_amount='0',
			total_discount_amount='0',
			net_bill_amt='154168',
			bill_amount_less_gst='146826.67',
			total_payment_amount='154168',
			total_payment_amount_less_gst='146826.67',
			gst_percent='5',
			gst_amount_payment='7341.33',
			gst_amount_bill='7341.33',
			commission_percent='2',
			commission_amt_bill='2936.53',
			commission_amt_pay='2936.53',
			remarks='',
			last_update_user='9',
			last_update_date=NOW()
			where commission_bill_entry_id='29'update txt_commission_bill_entry set 
			commission_year='2023-2024',
			commission_mode='Bill Wise',
			commission_bill_number='interest',
			commission_bill_date='2024-03-31',
			supplier_account_code='128',
			agent_account_code='224',
			total_bill_amount='5657412.58',
			total_gr_amount='0',
			total_discount_amount='26099.77',
			net_bill_amt='5631312.81',
			bill_amount_less_gst='5363155.06',
			total_payment_amount='5355464.81',
			total_payment_amount_less_gst='5100442.68',
			gst_percent='5',
			gst_amount_payment='255022.13',
			gst_amount_bill='268157.75',
			commission_percent='2',
			commission_amt_bill='107263.1',
			commission_amt_pay='102008.85',
			remarks='',
			last_update_user='9',
			last_update_date=NOW()
			where commission_bill_entry_id='28'update txt_commission_bill_entry set 
			commission_year='2023-2024',
			commission_mode='Bill Wise',
			commission_bill_number='Commission ',
			commission_bill_date='2024-03-31',
			supplier_account_code='165',
			agent_account_code='224',
			total_bill_amount='2381766',
			total_gr_amount='148653',
			total_discount_amount='0',
			net_bill_amt='2233113',
			bill_amount_less_gst='2126774.29',
			total_payment_amount='2008547',
			total_payment_amount_less_gst='1912901.9',
			gst_percent='5',
			gst_amount_payment='95645.1',
			gst_amount_bill='106338.71',
			commission_percent='2',
			commission_amt_bill='42535.49',
			commission_amt_pay='38258.04',
			remarks='',
			last_update_user='9',
			last_update_date=NOW()
			where commission_bill_entry_id='62'update txt_commission_bill_entry set 
			commission_year='2023-2024',
			commission_mode='Bill Wise',
			commission_bill_number='Commission ',
			commission_bill_date='2024-03-31',
			supplier_account_code='7',
			agent_account_code='224',
			total_bill_amount='746570',
			total_gr_amount='0',
			total_discount_amount='0',
			net_bill_amt='746570',
			bill_amount_less_gst='711019.05',
			total_payment_amount='746570',
			total_payment_amount_less_gst='711019.05',
			gst_percent='5',
			gst_amount_payment='35550.95',
			gst_amount_bill='35550.95',
			commission_percent='2',
			commission_amt_bill='14220.38',
			commission_amt_pay='14220.38',
			remarks='',
			last_update_user='9',
			last_update_date=NOW()
			where commission_bill_entry_id='61'update txt_commission_bill_entry set 
			commission_year='2023-2024',
			commission_mode='Bill Wise',
			commission_bill_number='Commission ',
			commission_bill_date='2024-03-31',
			supplier_account_code='137',
			agent_account_code='224',
			total_bill_amount='151813',
			total_gr_amount='16791',
			total_discount_amount='665',
			net_bill_amt='134357',
			bill_amount_less_gst='127959.05',
			total_payment_amount='55303',
			total_payment_amount_less_gst='52669.52',
			gst_percent='5',
			gst_amount_payment='2633.48',
			gst_amount_bill='6397.95',
			commission_percent='2',
			commission_amt_bill='2559.18',
			commission_amt_pay='1053.39',
			remarks='',
			last_update_user='9',
			last_update_date=NOW()
			where commission_bill_entry_id='60'update txt_commission_bill_entry set 
			commission_year='2023-2024',
			commission_mode='Bill Wise',
			commission_bill_number='Commission ',
			commission_bill_date='2024-03-31',
			supplier_account_code='105',
			agent_account_code='224',
			total_bill_amount='351980',
			total_gr_amount='50405',
			total_discount_amount='0',
			net_bill_amt='301575',
			bill_amount_less_gst='287214.29',
			total_payment_amount='301575',
			total_payment_amount_less_gst='287214.29',
			gst_percent='5',
			gst_amount_payment='14360.71',
			gst_amount_bill='14360.71',
			commission_percent='2',
			commission_amt_bill='5744.29',
			commission_amt_pay='5744.29',
			remarks='',
			last_update_user='9',
			last_update_date=NOW()
			where commission_bill_entry_id='59'update txt_commission_bill_entry set 
			commission_year='2023-2024',
			commission_mode='Bill Wise',
			commission_bill_number='Commission ',
			commission_bill_date='2024-03-31',
			supplier_account_code='184',
			agent_account_code='224',
			total_bill_amount='96526',
			total_gr_amount='0',
			total_discount_amount='0',
			net_bill_amt='96526',
			bill_amount_less_gst='91929.52',
			total_payment_amount='96526',
			total_payment_amount_less_gst='91929.52',
			gst_percent='5',
			gst_amount_payment='4596.48',
			gst_amount_bill='4596.48',
			commission_percent='2',
			commission_amt_bill='1838.59',
			commission_amt_pay='1838.59',
			remarks='',
			last_update_user='9',
			last_update_date=NOW()
			where commission_bill_entry_id='58'update txt_commission_bill_entry set 
			commission_year='2023-2024',
			commission_mode='Bill Wise',
			commission_bill_number='Commission ',
			commission_bill_date='2024-03-31',
			supplier_account_code='73',
			agent_account_code='224',
			total_bill_amount='2734567',
			total_gr_amount='486791',
			total_discount_amount='14694',
			net_bill_amt='2233082',
			bill_amount_less_gst='2126744.76',
			total_payment_amount='2085582',
			total_payment_amount_less_gst='1986268.57',
			gst_percent='5',
			gst_amount_payment='99313.43',
			gst_amount_bill='106337.24',
			commission_percent='2',
			commission_amt_bill='42534.9',
			commission_amt_pay='39725.37',
			remarks='',
			last_update_user='9',
			last_update_date=NOW()
			where commission_bill_entry_id='57' update txt_commission_bill_entry set  delete_tag='TRUE', delete_user='9', delete_date=NOW() where commission_bill_entry_id='33'update txt_commission_bill_entry set 
			commission_year='2023-2024',
			commission_mode='Bill Wise',
			commission_bill_number='ADJ',
			commission_bill_date='2024-03-31',
			supplier_account_code='4',
			agent_account_code='224',
			total_bill_amount='49867806.5',
			total_gr_amount='1290148',
			total_discount_amount='13136',
			net_bill_amt='48564522.5',
			bill_amount_less_gst='46251926.19',
			total_payment_amount='6642798',
			total_payment_amount_less_gst='6326474.29',
			gst_percent='5',
			gst_amount_payment='316323.71',
			gst_amount_bill='2312596.31',
			commission_percent='2',
			commission_amt_bill='925038.52',
			commission_amt_pay='126529.49',
			remarks='',
			last_update_user='9',
			last_update_date=NOW()
			where commission_bill_entry_id='51'update txt_commission_bill_entry set 
			commission_year='2023-2024',
			commission_mode='Bill Wise',
			commission_bill_number='ADJ',
			commission_bill_date='2024-03-31',
			supplier_account_code='4',
			agent_account_code='224',
			total_bill_amount='49867806.5',
			total_gr_amount='0',
			total_discount_amount='0',
			net_bill_amt='49867806.5',
			bill_amount_less_gst='49862820.22',
			total_payment_amount='0',
			total_payment_amount_less_gst='0',
			gst_percent='0.01',
			gst_amount_payment='0',
			gst_amount_bill='4986.28',
			commission_percent='2',
			commission_amt_bill='997256.4',
			commission_amt_pay='0',
			remarks='',
			last_update_user='9',
			last_update_date=NOW()
			where commission_bill_entry_id='51'update txt_commission_bill_entry set 
			commission_year='2024-2025',
			commission_mode='Bill Wise',
			commission_bill_number='',
			commission_bill_date='2025-01-22',
			supplier_account_code='227',
			agent_account_code='224',
			total_bill_amount='389892.5',
			total_gr_amount='0',
			total_discount_amount='0',
			net_bill_amt='389892.5',
			bill_amount_less_gst='389853.51',
			total_payment_amount='389862.5',
			total_payment_amount_less_gst='389823.52',
			gst_percent='0.01',
			gst_amount_payment='38.98',
			gst_amount_bill='38.99',
			commission_percent='2',
			commission_amt_bill='7797.07',
			commission_amt_pay='7796.47',
			remarks='',
			last_update_user='9',
			last_update_date=NOW()
			where commission_bill_entry_id='63'